{"/Users/astritspancs/Desktop/test/Blasera/mozio-app/src/api/calculations.ts": {"path":"/Users/astritspancs/Desktop/test/Blasera/mozio-app/src/api/calculations.ts","all":false,"statementMap":{"0":{"start":{"line":1,"column":0},"end":{"line":1,"column":74}},"1":{"start":{"line":2,"column":0},"end":{"line":2,"column":51}},"2":{"start":{"line":3,"column":0},"end":{"line":3,"column":0}},"3":{"start":{"line":4,"column":0},"end":{"line":4,"column":56}},"4":{"start":{"line":5,"column":0},"end":{"line":5,"column":35}},"5":{"start":{"line":6,"column":0},"end":{"line":6,"column":39}},"6":{"start":{"line":7,"column":0},"end":{"line":7,"column":2}},"7":{"start":{"line":8,"column":0},"end":{"line":8,"column":0}},"8":{"start":{"line":9,"column":0},"end":{"line":9,"column":29}},"9":{"start":{"line":10,"column":0},"end":{"line":10,"column":24}},"10":{"start":{"line":11,"column":0},"end":{"line":11,"column":39}},"11":{"start":{"line":12,"column":0},"end":{"line":12,"column":33}},"12":{"start":{"line":13,"column":0},"end":{"line":13,"column":53}},"13":{"start":{"line":14,"column":0},"end":{"line":14,"column":30}},"14":{"start":{"line":15,"column":0},"end":{"line":15,"column":15}},"15":{"start":{"line":16,"column":0},"end":{"line":16,"column":28}},"16":{"start":{"line":17,"column":0},"end":{"line":17,"column":52}},"17":{"start":{"line":18,"column":0},"end":{"line":18,"column":13}},"18":{"start":{"line":19,"column":0},"end":{"line":19,"column":46}},"19":{"start":{"line":20,"column":0},"end":{"line":20,"column":47}},"20":{"start":{"line":21,"column":0},"end":{"line":21,"column":13}},"21":{"start":{"line":22,"column":0},"end":{"line":22,"column":11}},"22":{"start":{"line":23,"column":0},"end":{"line":23,"column":15}},"23":{"start":{"line":24,"column":0},"end":{"line":24,"column":5}},"24":{"start":{"line":25,"column":0},"end":{"line":25,"column":4}},"25":{"start":{"line":26,"column":0},"end":{"line":26,"column":0}},"26":{"start":{"line":27,"column":0},"end":{"line":27,"column":78}},"27":{"start":{"line":28,"column":0},"end":{"line":28,"column":38}},"28":{"start":{"line":29,"column":0},"end":{"line":29,"column":14}},"29":{"start":{"line":30,"column":0},"end":{"line":30,"column":16}},"30":{"start":{"line":31,"column":0},"end":{"line":31,"column":23}},"31":{"start":{"line":32,"column":0},"end":{"line":32,"column":8}},"32":{"start":{"line":33,"column":0},"end":{"line":33,"column":12}},"33":{"start":{"line":34,"column":0},"end":{"line":34,"column":14}},"34":{"start":{"line":35,"column":0},"end":{"line":35,"column":16}},"35":{"start":{"line":36,"column":0},"end":{"line":36,"column":37}},"36":{"start":{"line":37,"column":0},"end":{"line":37,"column":28}},"37":{"start":{"line":38,"column":0},"end":{"line":38,"column":13}},"38":{"start":{"line":39,"column":0},"end":{"line":39,"column":33}},"39":{"start":{"line":40,"column":0},"end":{"line":40,"column":34}},"40":{"start":{"line":41,"column":0},"end":{"line":41,"column":14}},"41":{"start":{"line":42,"column":0},"end":{"line":42,"column":13}},"42":{"start":{"line":43,"column":0},"end":{"line":43,"column":46}},"43":{"start":{"line":44,"column":0},"end":{"line":44,"column":47}},"44":{"start":{"line":45,"column":0},"end":{"line":45,"column":13}},"45":{"start":{"line":46,"column":0},"end":{"line":46,"column":11}},"46":{"start":{"line":47,"column":0},"end":{"line":47,"column":10}},"47":{"start":{"line":48,"column":0},"end":{"line":48,"column":8}},"48":{"start":{"line":49,"column":0},"end":{"line":49,"column":5}},"49":{"start":{"line":50,"column":0},"end":{"line":50,"column":5}},"50":{"start":{"line":51,"column":0},"end":{"line":51,"column":0}},"51":{"start":{"line":52,"column":0},"end":{"line":52,"column":52}},"52":{"start":{"line":53,"column":0},"end":{"line":53,"column":0}},"53":{"start":{"line":54,"column":0},"end":{"line":54,"column":43}},"54":{"start":{"line":55,"column":0},"end":{"line":55,"column":22}},"55":{"start":{"line":56,"column":0},"end":{"line":56,"column":73}},"56":{"start":{"line":57,"column":0},"end":{"line":57,"column":59}},"57":{"start":{"line":58,"column":0},"end":{"line":58,"column":14}},"58":{"start":{"line":59,"column":0},"end":{"line":59,"column":17}},"59":{"start":{"line":60,"column":0},"end":{"line":60,"column":27}},"60":{"start":{"line":61,"column":0},"end":{"line":61,"column":23}},"61":{"start":{"line":62,"column":0},"end":{"line":62,"column":11}},"62":{"start":{"line":63,"column":0},"end":{"line":63,"column":7}},"63":{"start":{"line":64,"column":0},"end":{"line":64,"column":12}},"64":{"start":{"line":65,"column":0},"end":{"line":65,"column":5}},"65":{"start":{"line":66,"column":0},"end":{"line":66,"column":2}}},"s":{"0":1,"1":1,"2":1,"3":1,"4":1,"5":1,"6":1,"7":1,"8":1,"9":1,"10":1,"11":1,"12":1,"13":1,"14":0,"15":0,"16":0,"17":0,"18":0,"19":0,"20":0,"21":0,"22":1,"23":1,"24":1,"25":1,"26":1,"27":1,"28":1,"29":1,"30":1,"31":1,"32":1,"33":0,"34":0,"35":0,"36":0,"37":0,"38":0,"39":0,"40":0,"41":0,"42":0,"43":0,"44":0,"45":0,"46":0,"47":0,"48":0,"49":1,"50":1,"51":1,"52":1,"53":1,"54":1,"55":1,"56":0,"57":1,"58":1,"59":1,"60":1,"61":1,"62":1,"63":1,"64":1,"65":1},"branchMap":{"0":{"type":"branch","line":4,"loc":{"start":{"line":4,"column":27},"end":{"line":7,"column":2}},"locations":[{"start":{"line":4,"column":27},"end":{"line":7,"column":2}}]},"1":{"type":"branch","line":9,"loc":{"start":{"line":9,"column":28},"end":{"line":66,"column":2}},"locations":[{"start":{"line":9,"column":28},"end":{"line":66,"column":2}}]},"2":{"type":"branch","line":13,"loc":{"start":{"line":13,"column":4},"end":{"line":23,"column":15}},"locations":[{"start":{"line":13,"column":4},"end":{"line":23,"column":15}}]},"3":{"type":"branch","line":14,"loc":{"start":{"line":14,"column":29},"end":{"line":22,"column":11}},"locations":[{"start":{"line":14,"column":29},"end":{"line":22,"column":11}}]},"4":{"type":"branch","line":27,"loc":{"start":{"line":27,"column":38},"end":{"line":50,"column":3}},"locations":[{"start":{"line":27,"column":38},"end":{"line":50,"column":3}}]},"5":{"type":"branch","line":33,"loc":{"start":{"line":33,"column":4},"end":{"line":49,"column":5}},"locations":[{"start":{"line":33,"column":4},"end":{"line":49,"column":5}}]},"6":{"type":"branch","line":54,"loc":{"start":{"line":54,"column":21},"end":{"line":65,"column":3}},"locations":[{"start":{"line":54,"column":21},"end":{"line":65,"column":3}}]},"7":{"type":"branch","line":55,"loc":{"start":{"line":55,"column":15},"end":{"line":64,"column":7}},"locations":[{"start":{"line":55,"column":15},"end":{"line":64,"column":7}}]},"8":{"type":"branch","line":56,"loc":{"start":{"line":56,"column":72},"end":{"line":58,"column":13}},"locations":[{"start":{"line":56,"column":72},"end":{"line":58,"column":13}}]},"9":{"type":"branch","line":56,"loc":{"start":{"line":56,"column":21},"end":{"line":56,"column":51}},"locations":[{"start":{"line":56,"column":21},"end":{"line":56,"column":51}}]},"10":{"type":"branch","line":56,"loc":{"start":{"line":56,"column":41},"end":{"line":56,"column":51}},"locations":[{"start":{"line":56,"column":41},"end":{"line":56,"column":51}}]}},"b":{"0":[1],"1":[1],"2":[1],"3":[0],"4":[1],"5":[0],"6":[1],"7":[1],"8":[0],"9":[1],"10":[0]},"fnMap":{"0":{"name":"metersToKilometers","decl":{"start":{"line":4,"column":27},"end":{"line":7,"column":2}},"loc":{"start":{"line":4,"column":27},"end":{"line":7,"column":2}},"line":4},"1":{"name":"calculations","decl":{"start":{"line":9,"column":28},"end":{"line":66,"column":2}},"loc":{"start":{"line":9,"column":28},"end":{"line":66,"column":2}},"line":9}},"f":{"0":1,"1":1}}
,"/Users/astritspancs/Desktop/test/Blasera/mozio-app/src/api/index.ts": {"path":"/Users/astritspancs/Desktop/test/Blasera/mozio-app/src/api/index.ts","all":false,"statementMap":{"0":{"start":{"line":1,"column":0},"end":{"line":1,"column":40}},"1":{"start":{"line":2,"column":0},"end":{"line":2,"column":46}}},"s":{"0":1,"1":1},"branchMap":{},"b":{},"fnMap":{},"f":{}}
,"/Users/astritspancs/Desktop/test/Blasera/mozio-app/src/api/locations.ts": {"path":"/Users/astritspancs/Desktop/test/Blasera/mozio-app/src/api/locations.ts","all":false,"statementMap":{"0":{"start":{"line":1,"column":0},"end":{"line":1,"column":40}},"1":{"start":{"line":2,"column":0},"end":{"line":2,"column":0}},"2":{"start":{"line":3,"column":0},"end":{"line":3,"column":50}},"3":{"start":{"line":4,"column":0},"end":{"line":4,"column":43}},"4":{"start":{"line":5,"column":0},"end":{"line":5,"column":22}},"5":{"start":{"line":6,"column":0},"end":{"line":6,"column":29}},"6":{"start":{"line":7,"column":0},"end":{"line":7,"column":17}},"7":{"start":{"line":8,"column":0},"end":{"line":8,"column":14}},"8":{"start":{"line":9,"column":0},"end":{"line":9,"column":27}},"9":{"start":{"line":10,"column":0},"end":{"line":10,"column":22}},"10":{"start":{"line":11,"column":0},"end":{"line":11,"column":16}},"11":{"start":{"line":12,"column":0},"end":{"line":12,"column":18}},"12":{"start":{"line":13,"column":0},"end":{"line":13,"column":40}},"13":{"start":{"line":14,"column":0},"end":{"line":14,"column":27}},"14":{"start":{"line":15,"column":0},"end":{"line":15,"column":36}},"15":{"start":{"line":16,"column":0},"end":{"line":16,"column":52}},"16":{"start":{"line":17,"column":0},"end":{"line":17,"column":13}},"17":{"start":{"line":18,"column":0},"end":{"line":18,"column":12}},"18":{"start":{"line":19,"column":0},"end":{"line":19,"column":9}},"19":{"start":{"line":20,"column":0},"end":{"line":20,"column":7}},"20":{"start":{"line":21,"column":0},"end":{"line":21,"column":12}},"21":{"start":{"line":22,"column":0},"end":{"line":22,"column":5}},"22":{"start":{"line":23,"column":0},"end":{"line":23,"column":2}},"23":{"start":{"line":24,"column":0},"end":{"line":24,"column":0}},"24":{"start":{"line":25,"column":0},"end":{"line":25,"column":42}},"25":{"start":{"line":26,"column":0},"end":{"line":26,"column":3}},"26":{"start":{"line":27,"column":0},"end":{"line":27,"column":18}},"27":{"start":{"line":28,"column":0},"end":{"line":28,"column":19}},"28":{"start":{"line":29,"column":0},"end":{"line":29,"column":18}},"29":{"start":{"line":30,"column":0},"end":{"line":30,"column":4}},"30":{"start":{"line":31,"column":0},"end":{"line":31,"column":3}},"31":{"start":{"line":32,"column":0},"end":{"line":32,"column":22}},"32":{"start":{"line":33,"column":0},"end":{"line":33,"column":19}},"33":{"start":{"line":34,"column":0},"end":{"line":34,"column":17}},"34":{"start":{"line":35,"column":0},"end":{"line":35,"column":4}},"35":{"start":{"line":36,"column":0},"end":{"line":36,"column":3}},"36":{"start":{"line":37,"column":0},"end":{"line":37,"column":17}},"37":{"start":{"line":38,"column":0},"end":{"line":38,"column":19}},"38":{"start":{"line":39,"column":0},"end":{"line":39,"column":18}},"39":{"start":{"line":40,"column":0},"end":{"line":40,"column":4}},"40":{"start":{"line":41,"column":0},"end":{"line":41,"column":3}},"41":{"start":{"line":42,"column":0},"end":{"line":42,"column":21}},"42":{"start":{"line":43,"column":0},"end":{"line":43,"column":19}},"43":{"start":{"line":44,"column":0},"end":{"line":44,"column":18}},"44":{"start":{"line":45,"column":0},"end":{"line":45,"column":4}},"45":{"start":{"line":46,"column":0},"end":{"line":46,"column":3}},"46":{"start":{"line":47,"column":0},"end":{"line":47,"column":17}},"47":{"start":{"line":48,"column":0},"end":{"line":48,"column":19}},"48":{"start":{"line":49,"column":0},"end":{"line":49,"column":18}},"49":{"start":{"line":50,"column":0},"end":{"line":50,"column":4}},"50":{"start":{"line":51,"column":0},"end":{"line":51,"column":3}},"51":{"start":{"line":52,"column":0},"end":{"line":52,"column":19}},"52":{"start":{"line":53,"column":0},"end":{"line":53,"column":19}},"53":{"start":{"line":54,"column":0},"end":{"line":54,"column":19}},"54":{"start":{"line":55,"column":0},"end":{"line":55,"column":4}},"55":{"start":{"line":56,"column":0},"end":{"line":56,"column":3}},"56":{"start":{"line":57,"column":0},"end":{"line":57,"column":23}},"57":{"start":{"line":58,"column":0},"end":{"line":58,"column":19}},"58":{"start":{"line":59,"column":0},"end":{"line":59,"column":18}},"59":{"start":{"line":60,"column":0},"end":{"line":60,"column":4}},"60":{"start":{"line":61,"column":0},"end":{"line":61,"column":3}},"61":{"start":{"line":62,"column":0},"end":{"line":62,"column":24}},"62":{"start":{"line":63,"column":0},"end":{"line":63,"column":19}},"63":{"start":{"line":64,"column":0},"end":{"line":64,"column":18}},"64":{"start":{"line":65,"column":0},"end":{"line":65,"column":4}},"65":{"start":{"line":66,"column":0},"end":{"line":66,"column":3}},"66":{"start":{"line":67,"column":0},"end":{"line":67,"column":21}},"67":{"start":{"line":68,"column":0},"end":{"line":68,"column":19}},"68":{"start":{"line":69,"column":0},"end":{"line":69,"column":18}},"69":{"start":{"line":70,"column":0},"end":{"line":70,"column":4}},"70":{"start":{"line":71,"column":0},"end":{"line":71,"column":3}},"71":{"start":{"line":72,"column":0},"end":{"line":72,"column":18}},"72":{"start":{"line":73,"column":0},"end":{"line":73,"column":18}},"73":{"start":{"line":74,"column":0},"end":{"line":74,"column":18}},"74":{"start":{"line":75,"column":0},"end":{"line":75,"column":4}},"75":{"start":{"line":76,"column":0},"end":{"line":76,"column":3}},"76":{"start":{"line":77,"column":0},"end":{"line":77,"column":19}},"77":{"start":{"line":78,"column":0},"end":{"line":78,"column":19}},"78":{"start":{"line":79,"column":0},"end":{"line":79,"column":19}},"79":{"start":{"line":80,"column":0},"end":{"line":80,"column":4}},"80":{"start":{"line":81,"column":0},"end":{"line":81,"column":3}},"81":{"start":{"line":82,"column":0},"end":{"line":82,"column":18}},"82":{"start":{"line":83,"column":0},"end":{"line":83,"column":19}},"83":{"start":{"line":84,"column":0},"end":{"line":84,"column":18}},"84":{"start":{"line":85,"column":0},"end":{"line":85,"column":4}},"85":{"start":{"line":86,"column":0},"end":{"line":86,"column":3}},"86":{"start":{"line":87,"column":0},"end":{"line":87,"column":21}},"87":{"start":{"line":88,"column":0},"end":{"line":88,"column":18}},"88":{"start":{"line":89,"column":0},"end":{"line":89,"column":18}},"89":{"start":{"line":90,"column":0},"end":{"line":90,"column":4}},"90":{"start":{"line":91,"column":0},"end":{"line":91,"column":3}},"91":{"start":{"line":92,"column":0},"end":{"line":92,"column":26}},"92":{"start":{"line":93,"column":0},"end":{"line":93,"column":19}},"93":{"start":{"line":94,"column":0},"end":{"line":94,"column":18}},"94":{"start":{"line":95,"column":0},"end":{"line":95,"column":4}},"95":{"start":{"line":96,"column":0},"end":{"line":96,"column":3}},"96":{"start":{"line":97,"column":0},"end":{"line":97,"column":19}},"97":{"start":{"line":98,"column":0},"end":{"line":98,"column":19}},"98":{"start":{"line":99,"column":0},"end":{"line":99,"column":15}},"99":{"start":{"line":100,"column":0},"end":{"line":100,"column":4}},"100":{"start":{"line":101,"column":0},"end":{"line":101,"column":3}},"101":{"start":{"line":102,"column":0},"end":{"line":102,"column":19}},"102":{"start":{"line":103,"column":0},"end":{"line":103,"column":19}},"103":{"start":{"line":104,"column":0},"end":{"line":104,"column":19}},"104":{"start":{"line":105,"column":0},"end":{"line":105,"column":4}},"105":{"start":{"line":106,"column":0},"end":{"line":106,"column":3}},"106":{"start":{"line":107,"column":0},"end":{"line":107,"column":21}},"107":{"start":{"line":108,"column":0},"end":{"line":108,"column":19}},"108":{"start":{"line":109,"column":0},"end":{"line":109,"column":18}},"109":{"start":{"line":110,"column":0},"end":{"line":110,"column":4}},"110":{"start":{"line":111,"column":0},"end":{"line":111,"column":3}},"111":{"start":{"line":112,"column":0},"end":{"line":112,"column":18}},"112":{"start":{"line":113,"column":0},"end":{"line":113,"column":19}},"113":{"start":{"line":114,"column":0},"end":{"line":114,"column":17}},"114":{"start":{"line":115,"column":0},"end":{"line":115,"column":4}},"115":{"start":{"line":116,"column":0},"end":{"line":116,"column":3}},"116":{"start":{"line":117,"column":0},"end":{"line":117,"column":18}},"117":{"start":{"line":118,"column":0},"end":{"line":118,"column":19}},"118":{"start":{"line":119,"column":0},"end":{"line":119,"column":18}},"119":{"start":{"line":120,"column":0},"end":{"line":120,"column":4}},"120":{"start":{"line":121,"column":0},"end":{"line":121,"column":3}},"121":{"start":{"line":122,"column":0},"end":{"line":122,"column":28}},"122":{"start":{"line":123,"column":0},"end":{"line":123,"column":19}},"123":{"start":{"line":124,"column":0},"end":{"line":124,"column":18}},"124":{"start":{"line":125,"column":0},"end":{"line":125,"column":4}},"125":{"start":{"line":126,"column":0},"end":{"line":126,"column":2}}},"s":{"0":1,"1":1,"2":1,"3":11,"4":11,"5":1,"6":0,"7":1,"8":1,"9":1,"10":1,"11":0,"12":0,"13":0,"14":0,"15":0,"16":0,"17":0,"18":0,"19":1,"20":11,"21":11,"22":11,"23":1,"24":1,"25":1,"26":1,"27":1,"28":1,"29":1,"30":1,"31":1,"32":1,"33":1,"34":1,"35":1,"36":1,"37":1,"38":1,"39":1,"40":1,"41":1,"42":1,"43":1,"44":1,"45":1,"46":1,"47":1,"48":1,"49":1,"50":1,"51":1,"52":1,"53":1,"54":1,"55":1,"56":1,"57":1,"58":1,"59":1,"60":1,"61":1,"62":1,"63":1,"64":1,"65":1,"66":1,"67":1,"68":1,"69":1,"70":1,"71":1,"72":1,"73":1,"74":1,"75":1,"76":1,"77":1,"78":1,"79":1,"80":1,"81":1,"82":1,"83":1,"84":1,"85":1,"86":1,"87":1,"88":1,"89":1,"90":1,"91":1,"92":1,"93":1,"94":1,"95":1,"96":1,"97":1,"98":1,"99":1,"100":1,"101":1,"102":1,"103":1,"104":1,"105":1,"106":1,"107":1,"108":1,"109":1,"110":1,"111":1,"112":1,"113":1,"114":1,"115":1,"116":1,"117":1,"118":1,"119":1,"120":1,"121":1,"122":1,"123":1,"124":1,"125":1},"branchMap":{"0":{"type":"branch","line":3,"loc":{"start":{"line":3,"column":30},"end":{"line":23,"column":2}},"locations":[{"start":{"line":3,"column":30},"end":{"line":23,"column":2}}]},"1":{"type":"branch","line":4,"loc":{"start":{"line":4,"column":21},"end":{"line":22,"column":3}},"locations":[{"start":{"line":4,"column":21},"end":{"line":22,"column":3}}]},"2":{"type":"branch","line":5,"loc":{"start":{"line":5,"column":15},"end":{"line":21,"column":7}},"locations":[{"start":{"line":5,"column":15},"end":{"line":21,"column":7}}]},"3":{"type":"branch","line":6,"loc":{"start":{"line":6,"column":28},"end":{"line":8,"column":13}},"locations":[{"start":{"line":6,"column":28},"end":{"line":8,"column":13}}]},"4":{"type":"branch","line":11,"loc":{"start":{"line":11,"column":8},"end":{"line":19,"column":9}},"locations":[{"start":{"line":11,"column":8},"end":{"line":19,"column":9}}]}},"b":{"0":[11],"1":[11],"2":[1],"3":[0],"4":[0]},"fnMap":{"0":{"name":"fetchLocations","decl":{"start":{"line":3,"column":30},"end":{"line":23,"column":2}},"loc":{"start":{"line":3,"column":30},"end":{"line":23,"column":2}},"line":3}},"f":{"0":11}}
,"/Users/astritspancs/Desktop/test/Blasera/mozio-app/src/components/IF/index.tsx": {"path":"/Users/astritspancs/Desktop/test/Blasera/mozio-app/src/components/IF/index.tsx","all":false,"statementMap":{"0":{"start":{"line":1,"column":0},"end":{"line":1,"column":26}},"1":{"start":{"line":2,"column":0},"end":{"line":2,"column":27}},"2":{"start":{"line":3,"column":0},"end":{"line":3,"column":0}},"3":{"start":{"line":4,"column":0},"end":{"line":4,"column":16}},"4":{"start":{"line":5,"column":0},"end":{"line":5,"column":28}},"5":{"start":{"line":6,"column":0},"end":{"line":6,"column":21}},"6":{"start":{"line":7,"column":0},"end":{"line":7,"column":2}},"7":{"start":{"line":8,"column":0},"end":{"line":8,"column":0}},"8":{"start":{"line":9,"column":0},"end":{"line":9,"column":41}},"9":{"start":{"line":10,"column":0},"end":{"line":10,"column":40}},"10":{"start":{"line":11,"column":0},"end":{"line":11,"column":0}},"11":{"start":{"line":12,"column":0},"end":{"line":12,"column":30}},"12":{"start":{"line":13,"column":0},"end":{"line":13,"column":25}},"13":{"start":{"line":14,"column":0},"end":{"line":14,"column":2}}},"s":{"0":1,"1":1,"2":1,"3":1,"4":1,"5":1,"6":1,"7":1,"8":1,"9":84,"10":84,"11":84,"12":29,"13":29},"branchMap":{"0":{"type":"branch","line":9,"loc":{"start":{"line":9,"column":31},"end":{"line":14,"column":2}},"locations":[{"start":{"line":9,"column":31},"end":{"line":14,"column":2}}]},"1":{"type":"branch","line":12,"loc":{"start":{"line":12,"column":18},"end":{"line":12,"column":30}},"locations":[{"start":{"line":12,"column":18},"end":{"line":12,"column":30}}]},"2":{"type":"branch","line":12,"loc":{"start":{"line":12,"column":25},"end":{"line":14,"column":2}},"locations":[{"start":{"line":12,"column":25},"end":{"line":14,"column":2}}]}},"b":{"0":[84],"1":[55],"2":[29]},"fnMap":{"0":{"name":"IF","decl":{"start":{"line":9,"column":31},"end":{"line":14,"column":2}},"loc":{"start":{"line":9,"column":31},"end":{"line":14,"column":2}},"line":9}},"f":{"0":84}}
,"/Users/astritspancs/Desktop/test/Blasera/mozio-app/src/components/ui/alert.tsx": {"path":"/Users/astritspancs/Desktop/test/Blasera/mozio-app/src/components/ui/alert.tsx","all":false,"statementMap":{"0":{"start":{"line":1,"column":0},"end":{"line":1,"column":31}},"1":{"start":{"line":2,"column":0},"end":{"line":2,"column":66}},"2":{"start":{"line":3,"column":0},"end":{"line":3,"column":0}},"3":{"start":{"line":4,"column":0},"end":{"line":4,"column":33}},"4":{"start":{"line":5,"column":0},"end":{"line":5,"column":0}},"5":{"start":{"line":6,"column":0},"end":{"line":6,"column":26}},"6":{"start":{"line":7,"column":0},"end":{"line":7,"column":158}},"7":{"start":{"line":8,"column":0},"end":{"line":8,"column":3}},"8":{"start":{"line":9,"column":0},"end":{"line":9,"column":15}},"9":{"start":{"line":10,"column":0},"end":{"line":10,"column":16}},"10":{"start":{"line":11,"column":0},"end":{"line":11,"column":49}},"11":{"start":{"line":12,"column":0},"end":{"line":12,"column":20}},"12":{"start":{"line":13,"column":0},"end":{"line":13,"column":100}},"13":{"start":{"line":14,"column":0},"end":{"line":14,"column":8}},"14":{"start":{"line":15,"column":0},"end":{"line":15,"column":6}},"15":{"start":{"line":16,"column":0},"end":{"line":16,"column":22}},"16":{"start":{"line":17,"column":0},"end":{"line":17,"column":25}},"17":{"start":{"line":18,"column":0},"end":{"line":18,"column":6}},"18":{"start":{"line":19,"column":0},"end":{"line":19,"column":3}},"19":{"start":{"line":20,"column":0},"end":{"line":20,"column":2}},"20":{"start":{"line":21,"column":0},"end":{"line":21,"column":0}},"21":{"start":{"line":22,"column":0},"end":{"line":22,"column":31}},"22":{"start":{"line":23,"column":0},"end":{"line":23,"column":17}},"23":{"start":{"line":24,"column":0},"end":{"line":24,"column":75}},"24":{"start":{"line":25,"column":0},"end":{"line":25,"column":46}},"25":{"start":{"line":26,"column":0},"end":{"line":26,"column":6}},"26":{"start":{"line":27,"column":0},"end":{"line":27,"column":13}},"27":{"start":{"line":28,"column":0},"end":{"line":28,"column":16}},"28":{"start":{"line":29,"column":0},"end":{"line":29,"column":57}},"29":{"start":{"line":30,"column":0},"end":{"line":30,"column":14}},"30":{"start":{"line":31,"column":0},"end":{"line":31,"column":4}},"31":{"start":{"line":32,"column":0},"end":{"line":32,"column":3}},"32":{"start":{"line":33,"column":0},"end":{"line":33,"column":28}},"33":{"start":{"line":34,"column":0},"end":{"line":34,"column":0}},"34":{"start":{"line":35,"column":0},"end":{"line":35,"column":36}},"35":{"start":{"line":36,"column":0},"end":{"line":36,"column":23}},"36":{"start":{"line":37,"column":0},"end":{"line":37,"column":42}},"37":{"start":{"line":38,"column":0},"end":{"line":38,"column":37}},"38":{"start":{"line":39,"column":0},"end":{"line":39,"column":5}},"39":{"start":{"line":40,"column":0},"end":{"line":40,"column":13}},"40":{"start":{"line":41,"column":0},"end":{"line":41,"column":77}},"41":{"start":{"line":42,"column":0},"end":{"line":42,"column":14}},"42":{"start":{"line":43,"column":0},"end":{"line":43,"column":4}},"43":{"start":{"line":44,"column":0},"end":{"line":44,"column":3}},"44":{"start":{"line":45,"column":0},"end":{"line":45,"column":38}},"45":{"start":{"line":46,"column":0},"end":{"line":46,"column":0}},"46":{"start":{"line":47,"column":0},"end":{"line":47,"column":42}},"47":{"start":{"line":48,"column":0},"end":{"line":48,"column":23}},"48":{"start":{"line":49,"column":0},"end":{"line":49,"column":44}},"49":{"start":{"line":50,"column":0},"end":{"line":50,"column":37}},"50":{"start":{"line":51,"column":0},"end":{"line":51,"column":6}},"51":{"start":{"line":52,"column":0},"end":{"line":52,"column":13}},"52":{"start":{"line":53,"column":0},"end":{"line":53,"column":62}},"53":{"start":{"line":54,"column":0},"end":{"line":54,"column":14}},"54":{"start":{"line":55,"column":0},"end":{"line":55,"column":4}},"55":{"start":{"line":56,"column":0},"end":{"line":56,"column":3}},"56":{"start":{"line":57,"column":0},"end":{"line":57,"column":50}},"57":{"start":{"line":58,"column":0},"end":{"line":58,"column":0}},"58":{"start":{"line":59,"column":0},"end":{"line":59,"column":47}}},"s":{"0":1,"1":1,"2":1,"3":1,"4":1,"5":1,"6":1,"7":1,"8":1,"9":1,"10":1,"11":1,"12":1,"13":1,"14":1,"15":1,"16":1,"17":1,"18":1,"19":1,"20":1,"21":1,"22":1,"23":1,"24":1,"25":0,"26":0,"27":0,"28":0,"29":0,"30":0,"31":0,"32":1,"33":1,"34":1,"35":1,"36":1,"37":1,"38":0,"39":0,"40":0,"41":0,"42":0,"43":0,"44":1,"45":1,"46":1,"47":1,"48":1,"49":1,"50":0,"51":0,"52":0,"53":0,"54":0,"55":0,"56":1,"57":1,"58":1},"branchMap":{},"b":{},"fnMap":{},"f":{}}
,"/Users/astritspancs/Desktop/test/Blasera/mozio-app/src/components/ui/badge.tsx": {"path":"/Users/astritspancs/Desktop/test/Blasera/mozio-app/src/components/ui/badge.tsx","all":false,"statementMap":{"0":{"start":{"line":1,"column":0},"end":{"line":1,"column":31}},"1":{"start":{"line":2,"column":0},"end":{"line":2,"column":66}},"2":{"start":{"line":3,"column":0},"end":{"line":3,"column":0}},"3":{"start":{"line":4,"column":0},"end":{"line":4,"column":33}},"4":{"start":{"line":5,"column":0},"end":{"line":5,"column":0}},"5":{"start":{"line":6,"column":0},"end":{"line":6,"column":26}},"6":{"start":{"line":7,"column":0},"end":{"line":7,"column":171}},"7":{"start":{"line":8,"column":0},"end":{"line":8,"column":3}},"8":{"start":{"line":9,"column":0},"end":{"line":9,"column":15}},"9":{"start":{"line":10,"column":0},"end":{"line":10,"column":16}},"10":{"start":{"line":11,"column":0},"end":{"line":11,"column":16}},"11":{"start":{"line":12,"column":0},"end":{"line":12,"column":86}},"12":{"start":{"line":13,"column":0},"end":{"line":13,"column":18}},"13":{"start":{"line":14,"column":0},"end":{"line":14,"column":92}},"14":{"start":{"line":15,"column":0},"end":{"line":15,"column":20}},"15":{"start":{"line":16,"column":0},"end":{"line":16,"column":98}},"16":{"start":{"line":17,"column":0},"end":{"line":17,"column":35}},"17":{"start":{"line":18,"column":0},"end":{"line":18,"column":8}},"18":{"start":{"line":19,"column":0},"end":{"line":19,"column":6}},"19":{"start":{"line":20,"column":0},"end":{"line":20,"column":22}},"20":{"start":{"line":21,"column":0},"end":{"line":21,"column":25}},"21":{"start":{"line":22,"column":0},"end":{"line":22,"column":6}},"22":{"start":{"line":23,"column":0},"end":{"line":23,"column":3}},"23":{"start":{"line":24,"column":0},"end":{"line":24,"column":2}},"24":{"start":{"line":25,"column":0},"end":{"line":25,"column":0}},"25":{"start":{"line":26,"column":0},"end":{"line":26,"column":27}},"26":{"start":{"line":27,"column":0},"end":{"line":27,"column":47}},"27":{"start":{"line":28,"column":0},"end":{"line":28,"column":41}},"28":{"start":{"line":29,"column":0},"end":{"line":29,"column":0}},"29":{"start":{"line":30,"column":0},"end":{"line":30,"column":62}},"30":{"start":{"line":31,"column":0},"end":{"line":31,"column":10}},"31":{"start":{"line":32,"column":0},"end":{"line":32,"column":76}},"32":{"start":{"line":33,"column":0},"end":{"line":33,"column":4}},"33":{"start":{"line":34,"column":0},"end":{"line":34,"column":1}},"34":{"start":{"line":35,"column":0},"end":{"line":35,"column":0}},"35":{"start":{"line":36,"column":0},"end":{"line":36,"column":32}}},"s":{"0":1,"1":1,"2":1,"3":1,"4":1,"5":1,"6":1,"7":1,"8":1,"9":1,"10":1,"11":1,"12":1,"13":1,"14":1,"15":1,"16":1,"17":1,"18":1,"19":1,"20":1,"21":1,"22":1,"23":1,"24":1,"25":1,"26":1,"27":1,"28":1,"29":0,"30":0,"31":0,"32":0,"33":0,"34":1,"35":1},"branchMap":{},"b":{},"fnMap":{"0":{"name":"Badge","decl":{"start":{"line":30,"column":0},"end":{"line":34,"column":1}},"loc":{"start":{"line":30,"column":0},"end":{"line":34,"column":1}},"line":30}},"f":{"0":0}}
,"/Users/astritspancs/Desktop/test/Blasera/mozio-app/src/components/ui/box.tsx": {"path":"/Users/astritspancs/Desktop/test/Blasera/mozio-app/src/components/ui/box.tsx","all":false,"statementMap":{"0":{"start":{"line":1,"column":0},"end":{"line":1,"column":17}},"1":{"start":{"line":2,"column":0},"end":{"line":2,"column":20}},"2":{"start":{"line":3,"column":0},"end":{"line":3,"column":28}},"3":{"start":{"line":4,"column":0},"end":{"line":4,"column":23}},"4":{"start":{"line":5,"column":0},"end":{"line":5,"column":2}},"5":{"start":{"line":6,"column":0},"end":{"line":6,"column":0}},"6":{"start":{"line":7,"column":0},"end":{"line":7,"column":41}},"7":{"start":{"line":8,"column":0},"end":{"line":8,"column":49}},"8":{"start":{"line":9,"column":0},"end":{"line":9,"column":0}},"9":{"start":{"line":10,"column":0},"end":{"line":10,"column":10}},"10":{"start":{"line":11,"column":0},"end":{"line":11,"column":41}},"11":{"start":{"line":12,"column":0},"end":{"line":12,"column":16}},"12":{"start":{"line":13,"column":0},"end":{"line":13,"column":10}},"13":{"start":{"line":14,"column":0},"end":{"line":14,"column":4}},"14":{"start":{"line":15,"column":0},"end":{"line":15,"column":2}}},"s":{"0":1,"1":1,"2":1,"3":1,"4":1,"5":1,"6":1,"7":264,"8":264,"9":264,"10":264,"11":264,"12":264,"13":264,"14":264},"branchMap":{"0":{"type":"branch","line":7,"loc":{"start":{"line":7,"column":19},"end":{"line":15,"column":2}},"locations":[{"start":{"line":7,"column":19},"end":{"line":15,"column":2}}]}},"b":{"0":[264]},"fnMap":{"0":{"name":"Box","decl":{"start":{"line":7,"column":19},"end":{"line":15,"column":2}},"loc":{"start":{"line":7,"column":19},"end":{"line":15,"column":2}},"line":7}},"f":{"0":264}}
,"/Users/astritspancs/Desktop/test/Blasera/mozio-app/src/components/ui/button.tsx": {"path":"/Users/astritspancs/Desktop/test/Blasera/mozio-app/src/components/ui/button.tsx","all":false,"statementMap":{"0":{"start":{"line":1,"column":0},"end":{"line":1,"column":31}},"1":{"start":{"line":2,"column":0},"end":{"line":2,"column":44}},"2":{"start":{"line":3,"column":0},"end":{"line":3,"column":66}},"3":{"start":{"line":4,"column":0},"end":{"line":4,"column":0}},"4":{"start":{"line":5,"column":0},"end":{"line":5,"column":33}},"5":{"start":{"line":6,"column":0},"end":{"line":6,"column":0}},"6":{"start":{"line":7,"column":0},"end":{"line":7,"column":27}},"7":{"start":{"line":8,"column":0},"end":{"line":8,"column":265}},"8":{"start":{"line":9,"column":0},"end":{"line":9,"column":3}},"9":{"start":{"line":10,"column":0},"end":{"line":10,"column":15}},"10":{"start":{"line":11,"column":0},"end":{"line":11,"column":16}},"11":{"start":{"line":12,"column":0},"end":{"line":12,"column":74}},"12":{"start":{"line":13,"column":0},"end":{"line":13,"column":20}},"13":{"start":{"line":14,"column":0},"end":{"line":14,"column":79}},"14":{"start":{"line":15,"column":0},"end":{"line":15,"column":16}},"15":{"start":{"line":16,"column":0},"end":{"line":16,"column":91}},"16":{"start":{"line":17,"column":0},"end":{"line":17,"column":18}},"17":{"start":{"line":18,"column":0},"end":{"line":18,"column":73}},"18":{"start":{"line":19,"column":0},"end":{"line":19,"column":62}},"19":{"start":{"line":20,"column":0},"end":{"line":20,"column":64}},"20":{"start":{"line":21,"column":0},"end":{"line":21,"column":8}},"21":{"start":{"line":22,"column":0},"end":{"line":22,"column":13}},"22":{"start":{"line":23,"column":0},"end":{"line":23,"column":34}},"23":{"start":{"line":24,"column":0},"end":{"line":24,"column":34}},"24":{"start":{"line":25,"column":0},"end":{"line":25,"column":35}},"25":{"start":{"line":26,"column":0},"end":{"line":26,"column":26}},"26":{"start":{"line":27,"column":0},"end":{"line":27,"column":8}},"27":{"start":{"line":28,"column":0},"end":{"line":28,"column":6}},"28":{"start":{"line":29,"column":0},"end":{"line":29,"column":22}},"29":{"start":{"line":30,"column":0},"end":{"line":30,"column":25}},"30":{"start":{"line":31,"column":0},"end":{"line":31,"column":22}},"31":{"start":{"line":32,"column":0},"end":{"line":32,"column":6}},"32":{"start":{"line":33,"column":0},"end":{"line":33,"column":3}},"33":{"start":{"line":34,"column":0},"end":{"line":34,"column":2}},"34":{"start":{"line":35,"column":0},"end":{"line":35,"column":0}},"35":{"start":{"line":36,"column":0},"end":{"line":36,"column":28}},"36":{"start":{"line":37,"column":0},"end":{"line":37,"column":56}},"37":{"start":{"line":38,"column":0},"end":{"line":38,"column":41}},"38":{"start":{"line":39,"column":0},"end":{"line":39,"column":20}},"39":{"start":{"line":40,"column":0},"end":{"line":40,"column":1}},"40":{"start":{"line":41,"column":0},"end":{"line":41,"column":0}},"41":{"start":{"line":42,"column":0},"end":{"line":42,"column":64}},"42":{"start":{"line":43,"column":0},"end":{"line":43,"column":69}},"43":{"start":{"line":44,"column":0},"end":{"line":44,"column":43}},"44":{"start":{"line":45,"column":0},"end":{"line":45,"column":12}},"45":{"start":{"line":46,"column":0},"end":{"line":46,"column":11}},"46":{"start":{"line":47,"column":0},"end":{"line":47,"column":68}},"47":{"start":{"line":48,"column":0},"end":{"line":48,"column":17}},"48":{"start":{"line":49,"column":0},"end":{"line":49,"column":18}},"49":{"start":{"line":50,"column":0},"end":{"line":50,"column":8}},"50":{"start":{"line":51,"column":0},"end":{"line":51,"column":6}},"51":{"start":{"line":52,"column":0},"end":{"line":52,"column":3}},"52":{"start":{"line":53,"column":0},"end":{"line":53,"column":2}},"53":{"start":{"line":54,"column":0},"end":{"line":54,"column":30}},"54":{"start":{"line":55,"column":0},"end":{"line":55,"column":0}},"55":{"start":{"line":56,"column":0},"end":{"line":56,"column":34}}},"s":{"0":1,"1":1,"2":1,"3":1,"4":1,"5":1,"6":1,"7":1,"8":1,"9":1,"10":1,"11":1,"12":1,"13":1,"14":1,"15":1,"16":1,"17":1,"18":1,"19":1,"20":1,"21":1,"22":1,"23":1,"24":1,"25":1,"26":1,"27":1,"28":1,"29":1,"30":1,"31":1,"32":1,"33":1,"34":1,"35":1,"36":1,"37":1,"38":1,"39":1,"40":1,"41":1,"42":1,"43":146,"44":146,"45":146,"46":146,"47":146,"48":146,"49":146,"50":146,"51":146,"52":1,"53":1,"54":1,"55":1},"branchMap":{"0":{"type":"branch","line":43,"loc":{"start":{"line":43,"column":2},"end":{"line":52,"column":3}},"locations":[{"start":{"line":43,"column":2},"end":{"line":52,"column":3}}]},"1":{"type":"branch","line":44,"loc":{"start":{"line":44,"column":17},"end":{"line":44,"column":34}},"locations":[{"start":{"line":44,"column":17},"end":{"line":44,"column":34}}]}},"b":{"0":[146],"1":[0]},"fnMap":{},"f":{}}
,"/Users/astritspancs/Desktop/test/Blasera/mozio-app/src/components/ui/calendar.tsx": {"path":"/Users/astritspancs/Desktop/test/Blasera/mozio-app/src/components/ui/calendar.tsx","all":false,"statementMap":{"0":{"start":{"line":1,"column":0},"end":{"line":1,"column":13}},"1":{"start":{"line":2,"column":0},"end":{"line":2,"column":0}},"2":{"start":{"line":3,"column":0},"end":{"line":3,"column":31}},"3":{"start":{"line":4,"column":0},"end":{"line":4,"column":57}},"4":{"start":{"line":5,"column":0},"end":{"line":5,"column":45}},"5":{"start":{"line":6,"column":0},"end":{"line":6,"column":0}},"6":{"start":{"line":7,"column":0},"end":{"line":7,"column":33}},"7":{"start":{"line":8,"column":0},"end":{"line":8,"column":56}},"8":{"start":{"line":9,"column":0},"end":{"line":9,"column":0}},"9":{"start":{"line":10,"column":0},"end":{"line":10,"column":67}},"10":{"start":{"line":11,"column":0},"end":{"line":11,"column":0}},"11":{"start":{"line":12,"column":0},"end":{"line":12,"column":19}},"12":{"start":{"line":13,"column":0},"end":{"line":13,"column":12}},"13":{"start":{"line":14,"column":0},"end":{"line":14,"column":13}},"14":{"start":{"line":15,"column":0},"end":{"line":15,"column":25}},"15":{"start":{"line":16,"column":0},"end":{"line":16,"column":10}},"16":{"start":{"line":17,"column":0},"end":{"line":17,"column":19}},"17":{"start":{"line":18,"column":0},"end":{"line":18,"column":10}},"18":{"start":{"line":19,"column":0},"end":{"line":19,"column":14}},"19":{"start":{"line":20,"column":0},"end":{"line":20,"column":39}},"20":{"start":{"line":21,"column":0},"end":{"line":21,"column":38}},"21":{"start":{"line":22,"column":0},"end":{"line":22,"column":19}},"22":{"start":{"line":23,"column":0},"end":{"line":23,"column":80}},"23":{"start":{"line":24,"column":0},"end":{"line":24,"column":27}},"24":{"start":{"line":25,"column":0},"end":{"line":25,"column":66}},"25":{"start":{"line":26,"column":0},"end":{"line":26,"column":45}},"26":{"start":{"line":27,"column":0},"end":{"line":27,"column":43}},"27":{"start":{"line":28,"column":0},"end":{"line":28,"column":23}},"28":{"start":{"line":29,"column":0},"end":{"line":29,"column":49}},"29":{"start":{"line":30,"column":0},"end":{"line":30,"column":67}},"30":{"start":{"line":31,"column":0},"end":{"line":31,"column":10}},"31":{"start":{"line":32,"column":0},"end":{"line":32,"column":47}},"32":{"start":{"line":33,"column":0},"end":{"line":33,"column":44}},"33":{"start":{"line":34,"column":0},"end":{"line":34,"column":50}},"34":{"start":{"line":35,"column":0},"end":{"line":35,"column":25}},"35":{"start":{"line":36,"column":0},"end":{"line":36,"column":18}},"36":{"start":{"line":37,"column":0},"end":{"line":37,"column":75}},"37":{"start":{"line":38,"column":0},"end":{"line":38,"column":32}},"38":{"start":{"line":39,"column":0},"end":{"line":39,"column":211}},"39":{"start":{"line":40,"column":0},"end":{"line":40,"column":16}},"40":{"start":{"line":41,"column":0},"end":{"line":41,"column":47}},"41":{"start":{"line":42,"column":0},"end":{"line":42,"column":61}},"42":{"start":{"line":43,"column":0},"end":{"line":43,"column":10}},"43":{"start":{"line":44,"column":0},"end":{"line":44,"column":21}},"44":{"start":{"line":45,"column":0},"end":{"line":45,"column":141}},"45":{"start":{"line":46,"column":0},"end":{"line":46,"column":54}},"46":{"start":{"line":47,"column":0},"end":{"line":47,"column":56}},"47":{"start":{"line":48,"column":0},"end":{"line":48,"column":57}},"48":{"start":{"line":49,"column":0},"end":{"line":49,"column":25}},"49":{"start":{"line":50,"column":0},"end":{"line":50,"column":73}},"50":{"start":{"line":51,"column":0},"end":{"line":51,"column":32}},"51":{"start":{"line":52,"column":0},"end":{"line":52,"column":22}},"52":{"start":{"line":53,"column":0},"end":{"line":53,"column":8}},"53":{"start":{"line":54,"column":0},"end":{"line":54,"column":19}},"54":{"start":{"line":55,"column":0},"end":{"line":55,"column":60}},"55":{"start":{"line":56,"column":0},"end":{"line":56,"column":62}},"56":{"start":{"line":57,"column":0},"end":{"line":57,"column":8}},"57":{"start":{"line":58,"column":0},"end":{"line":58,"column":16}},"58":{"start":{"line":59,"column":0},"end":{"line":59,"column":6}},"59":{"start":{"line":60,"column":0},"end":{"line":60,"column":4}},"60":{"start":{"line":61,"column":0},"end":{"line":61,"column":1}},"61":{"start":{"line":62,"column":0},"end":{"line":62,"column":34}},"62":{"start":{"line":63,"column":0},"end":{"line":63,"column":0}},"63":{"start":{"line":64,"column":0},"end":{"line":64,"column":20}}},"s":{"0":1,"1":1,"2":1,"3":1,"4":1,"5":1,"6":1,"7":1,"8":1,"9":1,"10":1,"11":0,"12":0,"13":0,"14":0,"15":0,"16":0,"17":0,"18":0,"19":0,"20":0,"21":0,"22":0,"23":0,"24":0,"25":0,"26":0,"27":0,"28":0,"29":0,"30":0,"31":0,"32":0,"33":0,"34":0,"35":0,"36":0,"37":0,"38":0,"39":0,"40":0,"41":0,"42":0,"43":0,"44":0,"45":0,"46":0,"47":0,"48":0,"49":0,"50":0,"51":0,"52":0,"53":0,"54":0,"55":0,"56":0,"57":0,"58":0,"59":0,"60":0,"61":1,"62":1,"63":1},"branchMap":{},"b":{},"fnMap":{"0":{"name":"Calendar","decl":{"start":{"line":12,"column":0},"end":{"line":61,"column":1}},"loc":{"start":{"line":12,"column":0},"end":{"line":61,"column":1}},"line":12}},"f":{"0":0}}
,"/Users/astritspancs/Desktop/test/Blasera/mozio-app/src/components/ui/card.tsx": {"path":"/Users/astritspancs/Desktop/test/Blasera/mozio-app/src/components/ui/card.tsx","all":false,"statementMap":{"0":{"start":{"line":1,"column":0},"end":{"line":1,"column":31}},"1":{"start":{"line":2,"column":0},"end":{"line":2,"column":0}},"2":{"start":{"line":3,"column":0},"end":{"line":3,"column":33}},"3":{"start":{"line":4,"column":0},"end":{"line":4,"column":0}},"4":{"start":{"line":5,"column":0},"end":{"line":5,"column":30}},"5":{"start":{"line":6,"column":0},"end":{"line":6,"column":17}},"6":{"start":{"line":7,"column":0},"end":{"line":7,"column":38}},"7":{"start":{"line":8,"column":0},"end":{"line":8,"column":37}},"8":{"start":{"line":9,"column":0},"end":{"line":9,"column":6}},"9":{"start":{"line":10,"column":0},"end":{"line":10,"column":13}},"10":{"start":{"line":11,"column":0},"end":{"line":11,"column":18}},"11":{"start":{"line":12,"column":0},"end":{"line":12,"column":65}},"12":{"start":{"line":13,"column":0},"end":{"line":13,"column":15}},"13":{"start":{"line":14,"column":0},"end":{"line":14,"column":6}},"14":{"start":{"line":15,"column":0},"end":{"line":15,"column":14}},"15":{"start":{"line":16,"column":0},"end":{"line":16,"column":4}},"16":{"start":{"line":17,"column":0},"end":{"line":17,"column":3}},"17":{"start":{"line":18,"column":0},"end":{"line":18,"column":26}},"18":{"start":{"line":19,"column":0},"end":{"line":19,"column":0}},"19":{"start":{"line":20,"column":0},"end":{"line":20,"column":36}},"20":{"start":{"line":21,"column":0},"end":{"line":21,"column":17}},"21":{"start":{"line":22,"column":0},"end":{"line":22,"column":38}},"22":{"start":{"line":23,"column":0},"end":{"line":23,"column":37}},"23":{"start":{"line":24,"column":0},"end":{"line":24,"column":6}},"24":{"start":{"line":25,"column":0},"end":{"line":25,"column":13}},"25":{"start":{"line":26,"column":0},"end":{"line":26,"column":62}},"26":{"start":{"line":27,"column":0},"end":{"line":27,"column":14}},"27":{"start":{"line":28,"column":0},"end":{"line":28,"column":4}},"28":{"start":{"line":29,"column":0},"end":{"line":29,"column":3}},"29":{"start":{"line":30,"column":0},"end":{"line":30,"column":38}},"30":{"start":{"line":31,"column":0},"end":{"line":31,"column":0}},"31":{"start":{"line":32,"column":0},"end":{"line":32,"column":35}},"32":{"start":{"line":33,"column":0},"end":{"line":33,"column":23}},"33":{"start":{"line":34,"column":0},"end":{"line":34,"column":42}},"34":{"start":{"line":35,"column":0},"end":{"line":35,"column":37}},"35":{"start":{"line":36,"column":0},"end":{"line":36,"column":5}},"36":{"start":{"line":37,"column":0},"end":{"line":37,"column":13}},"37":{"start":{"line":38,"column":0},"end":{"line":38,"column":18}},"38":{"start":{"line":39,"column":0},"end":{"line":39,"column":59}},"39":{"start":{"line":40,"column":0},"end":{"line":40,"column":15}},"40":{"start":{"line":41,"column":0},"end":{"line":41,"column":6}},"41":{"start":{"line":42,"column":0},"end":{"line":42,"column":14}},"42":{"start":{"line":43,"column":0},"end":{"line":43,"column":4}},"43":{"start":{"line":44,"column":0},"end":{"line":44,"column":3}},"44":{"start":{"line":45,"column":0},"end":{"line":45,"column":36}},"45":{"start":{"line":46,"column":0},"end":{"line":46,"column":0}},"46":{"start":{"line":47,"column":0},"end":{"line":47,"column":41}},"47":{"start":{"line":48,"column":0},"end":{"line":48,"column":23}},"48":{"start":{"line":49,"column":0},"end":{"line":49,"column":44}},"49":{"start":{"line":50,"column":0},"end":{"line":50,"column":37}},"50":{"start":{"line":51,"column":0},"end":{"line":51,"column":4}},"51":{"start":{"line":52,"column":0},"end":{"line":52,"column":13}},"52":{"start":{"line":53,"column":0},"end":{"line":53,"column":62}},"53":{"start":{"line":54,"column":0},"end":{"line":54,"column":14}},"54":{"start":{"line":55,"column":0},"end":{"line":55,"column":4}},"55":{"start":{"line":56,"column":0},"end":{"line":56,"column":3}},"56":{"start":{"line":57,"column":0},"end":{"line":57,"column":48}},"57":{"start":{"line":58,"column":0},"end":{"line":58,"column":0}},"58":{"start":{"line":59,"column":0},"end":{"line":59,"column":37}},"59":{"start":{"line":60,"column":0},"end":{"line":60,"column":17}},"60":{"start":{"line":61,"column":0},"end":{"line":61,"column":38}},"61":{"start":{"line":62,"column":0},"end":{"line":62,"column":37}},"62":{"start":{"line":63,"column":0},"end":{"line":63,"column":68}},"63":{"start":{"line":64,"column":0},"end":{"line":64,"column":3}},"64":{"start":{"line":65,"column":0},"end":{"line":65,"column":40}},"65":{"start":{"line":66,"column":0},"end":{"line":66,"column":0}},"66":{"start":{"line":67,"column":0},"end":{"line":67,"column":36}},"67":{"start":{"line":68,"column":0},"end":{"line":68,"column":17}},"68":{"start":{"line":69,"column":0},"end":{"line":69,"column":38}},"69":{"start":{"line":70,"column":0},"end":{"line":70,"column":37}},"70":{"start":{"line":71,"column":0},"end":{"line":71,"column":6}},"71":{"start":{"line":72,"column":0},"end":{"line":72,"column":13}},"72":{"start":{"line":73,"column":0},"end":{"line":73,"column":59}},"73":{"start":{"line":74,"column":0},"end":{"line":74,"column":14}},"74":{"start":{"line":75,"column":0},"end":{"line":75,"column":4}},"75":{"start":{"line":76,"column":0},"end":{"line":76,"column":3}},"76":{"start":{"line":77,"column":0},"end":{"line":77,"column":38}},"77":{"start":{"line":78,"column":0},"end":{"line":78,"column":0}},"78":{"start":{"line":79,"column":0},"end":{"line":79,"column":8}},"79":{"start":{"line":80,"column":0},"end":{"line":80,"column":7}},"80":{"start":{"line":81,"column":0},"end":{"line":81,"column":13}},"81":{"start":{"line":82,"column":0},"end":{"line":82,"column":13}},"82":{"start":{"line":83,"column":0},"end":{"line":83,"column":12}},"83":{"start":{"line":84,"column":0},"end":{"line":84,"column":18}},"84":{"start":{"line":85,"column":0},"end":{"line":85,"column":14}},"85":{"start":{"line":86,"column":0},"end":{"line":86,"column":2}}},"s":{"0":1,"1":1,"2":1,"3":1,"4":1,"5":1,"6":1,"7":1,"8":26,"9":26,"10":26,"11":26,"12":26,"13":26,"14":26,"15":26,"16":26,"17":1,"18":1,"19":1,"20":1,"21":1,"22":1,"23":0,"24":0,"25":0,"26":0,"27":0,"28":0,"29":1,"30":1,"31":1,"32":1,"33":1,"34":1,"35":0,"36":0,"37":0,"38":0,"39":0,"40":0,"41":0,"42":0,"43":0,"44":1,"45":1,"46":1,"47":1,"48":1,"49":1,"50":0,"51":0,"52":0,"53":0,"54":0,"55":0,"56":1,"57":1,"58":1,"59":1,"60":1,"61":1,"62":0,"63":1,"64":1,"65":1,"66":1,"67":1,"68":1,"69":1,"70":0,"71":0,"72":0,"73":0,"74":0,"75":0,"76":1,"77":1,"78":1,"79":1,"80":1,"81":1,"82":1,"83":1,"84":1,"85":1},"branchMap":{"0":{"type":"branch","line":8,"loc":{"start":{"line":8,"column":2},"end":{"line":17,"column":3}},"locations":[{"start":{"line":8,"column":2},"end":{"line":17,"column":3}}]}},"b":{"0":[26]},"fnMap":{},"f":{}}
,"/Users/astritspancs/Desktop/test/Blasera/mozio-app/src/components/ui/command.tsx": {"path":"/Users/astritspancs/Desktop/test/Blasera/mozio-app/src/components/ui/command.tsx","all":false,"statementMap":{"0":{"start":{"line":1,"column":0},"end":{"line":1,"column":13}},"1":{"start":{"line":2,"column":0},"end":{"line":2,"column":0}},"2":{"start":{"line":3,"column":0},"end":{"line":3,"column":31}},"3":{"start":{"line":4,"column":0},"end":{"line":4,"column":53}},"4":{"start":{"line":5,"column":0},"end":{"line":5,"column":51}},"5":{"start":{"line":6,"column":0},"end":{"line":6,"column":38}},"6":{"start":{"line":7,"column":0},"end":{"line":7,"column":0}},"7":{"start":{"line":8,"column":0},"end":{"line":8,"column":33}},"8":{"start":{"line":9,"column":0},"end":{"line":9,"column":63}},"9":{"start":{"line":10,"column":0},"end":{"line":10,"column":0}},"10":{"start":{"line":11,"column":0},"end":{"line":11,"column":33}},"11":{"start":{"line":12,"column":0},"end":{"line":12,"column":44}},"12":{"start":{"line":13,"column":0},"end":{"line":13,"column":57}},"13":{"start":{"line":14,"column":0},"end":{"line":14,"column":37}},"14":{"start":{"line":15,"column":0},"end":{"line":15,"column":19}},"15":{"start":{"line":16,"column":0},"end":{"line":16,"column":13}},"16":{"start":{"line":17,"column":0},"end":{"line":17,"column":18}},"17":{"start":{"line":18,"column":0},"end":{"line":18,"column":98}},"18":{"start":{"line":19,"column":0},"end":{"line":19,"column":15}},"19":{"start":{"line":20,"column":0},"end":{"line":20,"column":6}},"20":{"start":{"line":21,"column":0},"end":{"line":21,"column":14}},"21":{"start":{"line":22,"column":0},"end":{"line":22,"column":4}},"22":{"start":{"line":23,"column":0},"end":{"line":23,"column":3}},"23":{"start":{"line":24,"column":0},"end":{"line":24,"column":51}},"24":{"start":{"line":25,"column":0},"end":{"line":25,"column":0}},"25":{"start":{"line":26,"column":0},"end":{"line":26,"column":51}},"26":{"start":{"line":27,"column":0},"end":{"line":27,"column":0}},"27":{"start":{"line":28,"column":0},"end":{"line":28,"column":71}},"28":{"start":{"line":29,"column":0},"end":{"line":29,"column":10}},"29":{"start":{"line":30,"column":0},"end":{"line":30,"column":23}},"30":{"start":{"line":31,"column":0},"end":{"line":31,"column":63}},"31":{"start":{"line":32,"column":0},"end":{"line":32,"column":393}},"32":{"start":{"line":33,"column":0},"end":{"line":33,"column":20}},"33":{"start":{"line":34,"column":0},"end":{"line":34,"column":18}},"34":{"start":{"line":35,"column":0},"end":{"line":35,"column":22}},"35":{"start":{"line":36,"column":0},"end":{"line":36,"column":13}},"36":{"start":{"line":37,"column":0},"end":{"line":37,"column":4}},"37":{"start":{"line":38,"column":0},"end":{"line":38,"column":2}},"38":{"start":{"line":39,"column":0},"end":{"line":39,"column":0}},"39":{"start":{"line":40,"column":0},"end":{"line":40,"column":38}},"40":{"start":{"line":41,"column":0},"end":{"line":41,"column":50}},"41":{"start":{"line":42,"column":0},"end":{"line":42,"column":63}},"42":{"start":{"line":43,"column":0},"end":{"line":43,"column":37}},"43":{"start":{"line":44,"column":0},"end":{"line":44,"column":73}},"44":{"start":{"line":45,"column":0},"end":{"line":45,"column":59}},"45":{"start":{"line":46,"column":0},"end":{"line":46,"column":27}},"46":{"start":{"line":47,"column":0},"end":{"line":47,"column":15}},"47":{"start":{"line":48,"column":0},"end":{"line":48,"column":20}},"48":{"start":{"line":49,"column":0},"end":{"line":49,"column":161}},"49":{"start":{"line":50,"column":0},"end":{"line":50,"column":17}},"50":{"start":{"line":51,"column":0},"end":{"line":51,"column":8}},"51":{"start":{"line":52,"column":0},"end":{"line":52,"column":16}},"52":{"start":{"line":53,"column":0},"end":{"line":53,"column":6}},"53":{"start":{"line":54,"column":0},"end":{"line":54,"column":8}},"54":{"start":{"line":55,"column":0},"end":{"line":55,"column":3}},"55":{"start":{"line":56,"column":0},"end":{"line":56,"column":0}},"56":{"start":{"line":57,"column":0},"end":{"line":57,"column":62}},"57":{"start":{"line":58,"column":0},"end":{"line":58,"column":0}},"58":{"start":{"line":59,"column":0},"end":{"line":59,"column":37}},"59":{"start":{"line":60,"column":0},"end":{"line":60,"column":49}},"60":{"start":{"line":61,"column":0},"end":{"line":61,"column":62}},"61":{"start":{"line":62,"column":0},"end":{"line":62,"column":37}},"62":{"start":{"line":63,"column":0},"end":{"line":63,"column":24}},"63":{"start":{"line":64,"column":0},"end":{"line":64,"column":13}},"64":{"start":{"line":65,"column":0},"end":{"line":65,"column":80}},"65":{"start":{"line":66,"column":0},"end":{"line":66,"column":14}},"66":{"start":{"line":67,"column":0},"end":{"line":67,"column":4}},"67":{"start":{"line":68,"column":0},"end":{"line":68,"column":3}},"68":{"start":{"line":69,"column":0},"end":{"line":69,"column":0}},"69":{"start":{"line":70,"column":0},"end":{"line":70,"column":60}},"70":{"start":{"line":71,"column":0},"end":{"line":71,"column":0}},"71":{"start":{"line":72,"column":0},"end":{"line":72,"column":38}},"72":{"start":{"line":73,"column":0},"end":{"line":73,"column":50}},"73":{"start":{"line":74,"column":0},"end":{"line":74,"column":63}},"74":{"start":{"line":75,"column":0},"end":{"line":75,"column":19}},"75":{"start":{"line":76,"column":0},"end":{"line":76,"column":25}},"76":{"start":{"line":77,"column":0},"end":{"line":77,"column":13}},"77":{"start":{"line":78,"column":0},"end":{"line":78,"column":40}},"78":{"start":{"line":79,"column":0},"end":{"line":79,"column":14}},"79":{"start":{"line":80,"column":0},"end":{"line":80,"column":4}},"80":{"start":{"line":81,"column":0},"end":{"line":81,"column":3}},"81":{"start":{"line":82,"column":0},"end":{"line":82,"column":0}},"82":{"start":{"line":83,"column":0},"end":{"line":83,"column":62}},"83":{"start":{"line":84,"column":0},"end":{"line":84,"column":0}},"84":{"start":{"line":85,"column":0},"end":{"line":85,"column":38}},"85":{"start":{"line":86,"column":0},"end":{"line":86,"column":50}},"86":{"start":{"line":87,"column":0},"end":{"line":87,"column":63}},"87":{"start":{"line":88,"column":0},"end":{"line":88,"column":37}},"88":{"start":{"line":89,"column":0},"end":{"line":89,"column":25}},"89":{"start":{"line":90,"column":0},"end":{"line":90,"column":13}},"90":{"start":{"line":91,"column":0},"end":{"line":91,"column":18}},"91":{"start":{"line":92,"column":0},"end":{"line":92,"column":223}},"92":{"start":{"line":93,"column":0},"end":{"line":93,"column":15}},"93":{"start":{"line":94,"column":0},"end":{"line":94,"column":6}},"94":{"start":{"line":95,"column":0},"end":{"line":95,"column":14}},"95":{"start":{"line":96,"column":0},"end":{"line":96,"column":4}},"96":{"start":{"line":97,"column":0},"end":{"line":97,"column":3}},"97":{"start":{"line":98,"column":0},"end":{"line":98,"column":0}},"98":{"start":{"line":99,"column":0},"end":{"line":99,"column":62}},"99":{"start":{"line":100,"column":0},"end":{"line":100,"column":0}},"100":{"start":{"line":101,"column":0},"end":{"line":101,"column":42}},"101":{"start":{"line":102,"column":0},"end":{"line":102,"column":54}},"102":{"start":{"line":103,"column":0},"end":{"line":103,"column":67}},"103":{"start":{"line":104,"column":0},"end":{"line":104,"column":37}},"104":{"start":{"line":105,"column":0},"end":{"line":105,"column":29}},"105":{"start":{"line":106,"column":0},"end":{"line":106,"column":13}},"106":{"start":{"line":107,"column":0},"end":{"line":107,"column":53}},"107":{"start":{"line":108,"column":0},"end":{"line":108,"column":14}},"108":{"start":{"line":109,"column":0},"end":{"line":109,"column":4}},"109":{"start":{"line":110,"column":0},"end":{"line":110,"column":3}},"110":{"start":{"line":111,"column":0},"end":{"line":111,"column":70}},"111":{"start":{"line":112,"column":0},"end":{"line":112,"column":0}},"112":{"start":{"line":113,"column":0},"end":{"line":113,"column":37}},"113":{"start":{"line":114,"column":0},"end":{"line":114,"column":49}},"114":{"start":{"line":115,"column":0},"end":{"line":115,"column":62}},"115":{"start":{"line":116,"column":0},"end":{"line":116,"column":37}},"116":{"start":{"line":117,"column":0},"end":{"line":117,"column":24}},"117":{"start":{"line":118,"column":0},"end":{"line":118,"column":13}},"118":{"start":{"line":119,"column":0},"end":{"line":119,"column":18}},"119":{"start":{"line":120,"column":0},"end":{"line":120,"column":230}},"120":{"start":{"line":121,"column":0},"end":{"line":121,"column":15}},"121":{"start":{"line":122,"column":0},"end":{"line":122,"column":6}},"122":{"start":{"line":123,"column":0},"end":{"line":123,"column":14}},"123":{"start":{"line":124,"column":0},"end":{"line":124,"column":4}},"124":{"start":{"line":125,"column":0},"end":{"line":125,"column":3}},"125":{"start":{"line":126,"column":0},"end":{"line":126,"column":0}},"126":{"start":{"line":127,"column":0},"end":{"line":127,"column":60}},"127":{"start":{"line":128,"column":0},"end":{"line":128,"column":0}},"128":{"start":{"line":129,"column":0},"end":{"line":129,"column":26}},"129":{"start":{"line":130,"column":0},"end":{"line":130,"column":12}},"130":{"start":{"line":131,"column":0},"end":{"line":131,"column":10}},"131":{"start":{"line":132,"column":0},"end":{"line":132,"column":46}},"132":{"start":{"line":133,"column":0},"end":{"line":133,"column":10}},"133":{"start":{"line":134,"column":0},"end":{"line":134,"column":9}},"134":{"start":{"line":135,"column":0},"end":{"line":135,"column":20}},"135":{"start":{"line":136,"column":0},"end":{"line":136,"column":64}},"136":{"start":{"line":137,"column":0},"end":{"line":137,"column":17}},"137":{"start":{"line":138,"column":0},"end":{"line":138,"column":8}},"138":{"start":{"line":139,"column":0},"end":{"line":139,"column":16}},"139":{"start":{"line":140,"column":0},"end":{"line":140,"column":6}},"140":{"start":{"line":141,"column":0},"end":{"line":141,"column":4}},"141":{"start":{"line":142,"column":0},"end":{"line":142,"column":2}},"142":{"start":{"line":143,"column":0},"end":{"line":143,"column":48}},"143":{"start":{"line":144,"column":0},"end":{"line":144,"column":0}},"144":{"start":{"line":145,"column":0},"end":{"line":145,"column":8}},"145":{"start":{"line":146,"column":0},"end":{"line":146,"column":10}},"146":{"start":{"line":147,"column":0},"end":{"line":147,"column":16}},"147":{"start":{"line":148,"column":0},"end":{"line":148,"column":15}},"148":{"start":{"line":149,"column":0},"end":{"line":149,"column":14}},"149":{"start":{"line":150,"column":0},"end":{"line":150,"column":15}},"150":{"start":{"line":151,"column":0},"end":{"line":151,"column":15}},"151":{"start":{"line":152,"column":0},"end":{"line":152,"column":14}},"152":{"start":{"line":153,"column":0},"end":{"line":153,"column":18}},"153":{"start":{"line":154,"column":0},"end":{"line":154,"column":19}},"154":{"start":{"line":155,"column":0},"end":{"line":155,"column":2}}},"s":{"0":1,"1":1,"2":1,"3":1,"4":1,"5":1,"6":1,"7":1,"8":1,"9":1,"10":1,"11":1,"12":1,"13":1,"14":2,"15":2,"16":2,"17":2,"18":2,"19":2,"20":2,"21":2,"22":2,"23":1,"24":1,"25":1,"26":1,"27":1,"28":0,"29":0,"30":0,"31":0,"32":0,"33":0,"34":0,"35":0,"36":0,"37":0,"38":1,"39":1,"40":1,"41":1,"42":1,"43":2,"44":2,"45":2,"46":2,"47":2,"48":2,"49":2,"50":2,"51":2,"52":2,"53":2,"54":1,"55":1,"56":1,"57":1,"58":1,"59":1,"60":1,"61":1,"62":0,"63":0,"64":0,"65":0,"66":0,"67":0,"68":1,"69":1,"70":1,"71":1,"72":1,"73":1,"74":1,"75":2,"76":2,"77":2,"78":2,"79":2,"80":2,"81":1,"82":1,"83":1,"84":1,"85":1,"86":1,"87":1,"88":0,"89":0,"90":0,"91":0,"92":0,"93":0,"94":0,"95":0,"96":0,"97":1,"98":1,"99":1,"100":1,"101":1,"102":1,"103":1,"104":0,"105":0,"106":0,"107":0,"108":0,"109":0,"110":1,"111":1,"112":1,"113":1,"114":1,"115":1,"116":0,"117":0,"118":0,"119":0,"120":0,"121":0,"122":0,"123":0,"124":0,"125":1,"126":1,"127":1,"128":1,"129":0,"130":0,"131":0,"132":0,"133":0,"134":0,"135":0,"136":0,"137":0,"138":0,"139":0,"140":0,"141":0,"142":1,"143":1,"144":1,"145":1,"146":1,"147":1,"148":1,"149":1,"150":1,"151":1,"152":1,"153":1,"154":1},"branchMap":{"0":{"type":"branch","line":14,"loc":{"start":{"line":14,"column":2},"end":{"line":23,"column":3}},"locations":[{"start":{"line":14,"column":2},"end":{"line":23,"column":3}}]},"1":{"type":"branch","line":43,"loc":{"start":{"line":43,"column":2},"end":{"line":54,"column":8}},"locations":[{"start":{"line":43,"column":2},"end":{"line":54,"column":8}}]},"2":{"type":"branch","line":75,"loc":{"start":{"line":75,"column":2},"end":{"line":81,"column":3}},"locations":[{"start":{"line":75,"column":2},"end":{"line":81,"column":3}}]}},"b":{"0":[2],"1":[2],"2":[2]},"fnMap":{"0":{"name":"CommandDialog","decl":{"start":{"line":28,"column":22},"end":{"line":38,"column":2}},"loc":{"start":{"line":28,"column":22},"end":{"line":38,"column":2}},"line":28},"1":{"name":"CommandShortcut","decl":{"start":{"line":129,"column":24},"end":{"line":142,"column":2}},"loc":{"start":{"line":129,"column":24},"end":{"line":142,"column":2}},"line":129}},"f":{"0":0,"1":0}}
,"/Users/astritspancs/Desktop/test/Blasera/mozio-app/src/components/ui/dialog.tsx": {"path":"/Users/astritspancs/Desktop/test/Blasera/mozio-app/src/components/ui/dialog.tsx","all":false,"statementMap":{"0":{"start":{"line":1,"column":0},"end":{"line":1,"column":13}},"1":{"start":{"line":2,"column":0},"end":{"line":2,"column":0}},"2":{"start":{"line":3,"column":0},"end":{"line":3,"column":31}},"3":{"start":{"line":4,"column":0},"end":{"line":4,"column":58}},"4":{"start":{"line":5,"column":0},"end":{"line":5,"column":33}},"5":{"start":{"line":6,"column":0},"end":{"line":6,"column":0}},"6":{"start":{"line":7,"column":0},"end":{"line":7,"column":33}},"7":{"start":{"line":8,"column":0},"end":{"line":8,"column":0}},"8":{"start":{"line":9,"column":0},"end":{"line":9,"column":36}},"9":{"start":{"line":10,"column":0},"end":{"line":10,"column":0}},"10":{"start":{"line":11,"column":0},"end":{"line":11,"column":46}},"11":{"start":{"line":12,"column":0},"end":{"line":12,"column":0}},"12":{"start":{"line":13,"column":0},"end":{"line":13,"column":23}},"13":{"start":{"line":14,"column":0},"end":{"line":14,"column":12}},"14":{"start":{"line":15,"column":0},"end":{"line":15,"column":10}},"15":{"start":{"line":16,"column":0},"end":{"line":16,"column":42}},"16":{"start":{"line":17,"column":0},"end":{"line":17,"column":65}},"17":{"start":{"line":18,"column":0},"end":{"line":18,"column":2}},"18":{"start":{"line":19,"column":0},"end":{"line":19,"column":62}},"19":{"start":{"line":20,"column":0},"end":{"line":20,"column":0}},"20":{"start":{"line":21,"column":0},"end":{"line":21,"column":39}},"21":{"start":{"line":22,"column":0},"end":{"line":22,"column":51}},"22":{"start":{"line":23,"column":0},"end":{"line":23,"column":64}},"23":{"start":{"line":24,"column":0},"end":{"line":24,"column":37}},"24":{"start":{"line":25,"column":0},"end":{"line":25,"column":26}},"25":{"start":{"line":26,"column":0},"end":{"line":26,"column":13}},"26":{"start":{"line":27,"column":0},"end":{"line":27,"column":18}},"27":{"start":{"line":28,"column":0},"end":{"line":28,"column":181}},"28":{"start":{"line":29,"column":0},"end":{"line":29,"column":15}},"29":{"start":{"line":30,"column":0},"end":{"line":30,"column":6}},"30":{"start":{"line":31,"column":0},"end":{"line":31,"column":14}},"31":{"start":{"line":32,"column":0},"end":{"line":32,"column":4}},"32":{"start":{"line":33,"column":0},"end":{"line":33,"column":3}},"33":{"start":{"line":34,"column":0},"end":{"line":34,"column":64}},"34":{"start":{"line":35,"column":0},"end":{"line":35,"column":0}},"35":{"start":{"line":36,"column":0},"end":{"line":36,"column":39}},"36":{"start":{"line":37,"column":0},"end":{"line":37,"column":51}},"37":{"start":{"line":38,"column":0},"end":{"line":38,"column":64}},"38":{"start":{"line":39,"column":0},"end":{"line":39,"column":47}},"39":{"start":{"line":40,"column":0},"end":{"line":40,"column":16}},"40":{"start":{"line":41,"column":0},"end":{"line":41,"column":21}},"41":{"start":{"line":42,"column":0},"end":{"line":42,"column":28}},"42":{"start":{"line":43,"column":0},"end":{"line":43,"column":15}},"43":{"start":{"line":44,"column":0},"end":{"line":44,"column":20}},"44":{"start":{"line":45,"column":0},"end":{"line":45,"column":528}},"45":{"start":{"line":46,"column":0},"end":{"line":46,"column":17}},"46":{"start":{"line":47,"column":0},"end":{"line":47,"column":8}},"47":{"start":{"line":48,"column":0},"end":{"line":48,"column":16}},"48":{"start":{"line":49,"column":0},"end":{"line":49,"column":5}},"49":{"start":{"line":50,"column":0},"end":{"line":50,"column":16}},"50":{"start":{"line":51,"column":0},"end":{"line":51,"column":311}},"51":{"start":{"line":52,"column":0},"end":{"line":52,"column":33}},"52":{"start":{"line":53,"column":0},"end":{"line":53,"column":46}},"53":{"start":{"line":54,"column":0},"end":{"line":54,"column":30}},"54":{"start":{"line":55,"column":0},"end":{"line":55,"column":30}},"55":{"start":{"line":56,"column":0},"end":{"line":56,"column":17}},"56":{"start":{"line":57,"column":0},"end":{"line":57,"column":3}},"57":{"start":{"line":58,"column":0},"end":{"line":58,"column":64}},"58":{"start":{"line":59,"column":0},"end":{"line":59,"column":0}},"59":{"start":{"line":60,"column":0},"end":{"line":60,"column":23}},"60":{"start":{"line":61,"column":0},"end":{"line":61,"column":12}},"61":{"start":{"line":62,"column":0},"end":{"line":62,"column":10}},"62":{"start":{"line":63,"column":0},"end":{"line":63,"column":45}},"63":{"start":{"line":64,"column":0},"end":{"line":64,"column":6}},"64":{"start":{"line":65,"column":0},"end":{"line":65,"column":18}},"65":{"start":{"line":66,"column":0},"end":{"line":66,"column":59}},"66":{"start":{"line":67,"column":0},"end":{"line":67,"column":15}},"67":{"start":{"line":68,"column":0},"end":{"line":68,"column":6}},"68":{"start":{"line":69,"column":0},"end":{"line":69,"column":14}},"69":{"start":{"line":70,"column":0},"end":{"line":70,"column":4}},"70":{"start":{"line":71,"column":0},"end":{"line":71,"column":2}},"71":{"start":{"line":72,"column":0},"end":{"line":72,"column":42}},"72":{"start":{"line":73,"column":0},"end":{"line":73,"column":0}},"73":{"start":{"line":74,"column":0},"end":{"line":74,"column":23}},"74":{"start":{"line":75,"column":0},"end":{"line":75,"column":12}},"75":{"start":{"line":76,"column":0},"end":{"line":76,"column":10}},"76":{"start":{"line":77,"column":0},"end":{"line":77,"column":45}},"77":{"start":{"line":78,"column":0},"end":{"line":78,"column":6}},"78":{"start":{"line":79,"column":0},"end":{"line":79,"column":18}},"79":{"start":{"line":80,"column":0},"end":{"line":80,"column":70}},"80":{"start":{"line":81,"column":0},"end":{"line":81,"column":15}},"81":{"start":{"line":82,"column":0},"end":{"line":82,"column":6}},"82":{"start":{"line":83,"column":0},"end":{"line":83,"column":14}},"83":{"start":{"line":84,"column":0},"end":{"line":84,"column":4}},"84":{"start":{"line":85,"column":0},"end":{"line":85,"column":2}},"85":{"start":{"line":86,"column":0},"end":{"line":86,"column":42}},"86":{"start":{"line":87,"column":0},"end":{"line":87,"column":0}},"87":{"start":{"line":88,"column":0},"end":{"line":88,"column":37}},"88":{"start":{"line":89,"column":0},"end":{"line":89,"column":49}},"89":{"start":{"line":90,"column":0},"end":{"line":90,"column":62}},"90":{"start":{"line":91,"column":0},"end":{"line":91,"column":37}},"91":{"start":{"line":92,"column":0},"end":{"line":92,"column":24}},"92":{"start":{"line":93,"column":0},"end":{"line":93,"column":13}},"93":{"start":{"line":94,"column":0},"end":{"line":94,"column":18}},"94":{"start":{"line":95,"column":0},"end":{"line":95,"column":58}},"95":{"start":{"line":96,"column":0},"end":{"line":96,"column":15}},"96":{"start":{"line":97,"column":0},"end":{"line":97,"column":6}},"97":{"start":{"line":98,"column":0},"end":{"line":98,"column":14}},"98":{"start":{"line":99,"column":0},"end":{"line":99,"column":4}},"99":{"start":{"line":100,"column":0},"end":{"line":100,"column":3}},"100":{"start":{"line":101,"column":0},"end":{"line":101,"column":60}},"101":{"start":{"line":102,"column":0},"end":{"line":102,"column":0}},"102":{"start":{"line":103,"column":0},"end":{"line":103,"column":43}},"103":{"start":{"line":104,"column":0},"end":{"line":104,"column":55}},"104":{"start":{"line":105,"column":0},"end":{"line":105,"column":68}},"105":{"start":{"line":106,"column":0},"end":{"line":106,"column":37}},"106":{"start":{"line":107,"column":0},"end":{"line":107,"column":30}},"107":{"start":{"line":108,"column":0},"end":{"line":108,"column":13}},"108":{"start":{"line":109,"column":0},"end":{"line":109,"column":62}},"109":{"start":{"line":110,"column":0},"end":{"line":110,"column":14}},"110":{"start":{"line":111,"column":0},"end":{"line":111,"column":4}},"111":{"start":{"line":112,"column":0},"end":{"line":112,"column":3}},"112":{"start":{"line":113,"column":0},"end":{"line":113,"column":72}},"113":{"start":{"line":114,"column":0},"end":{"line":114,"column":0}},"114":{"start":{"line":115,"column":0},"end":{"line":115,"column":8}},"115":{"start":{"line":116,"column":0},"end":{"line":116,"column":9}},"116":{"start":{"line":117,"column":0},"end":{"line":117,"column":16}},"117":{"start":{"line":118,"column":0},"end":{"line":118,"column":16}},"118":{"start":{"line":119,"column":0},"end":{"line":119,"column":15}},"119":{"start":{"line":120,"column":0},"end":{"line":120,"column":15}},"120":{"start":{"line":121,"column":0},"end":{"line":121,"column":14}},"121":{"start":{"line":122,"column":0},"end":{"line":122,"column":20}},"122":{"start":{"line":123,"column":0},"end":{"line":123,"column":2}}},"s":{"0":1,"1":1,"2":1,"3":1,"4":1,"5":1,"6":1,"7":1,"8":1,"9":1,"10":1,"11":1,"12":1,"13":0,"14":0,"15":0,"16":0,"17":1,"18":1,"19":1,"20":1,"21":1,"22":1,"23":1,"24":0,"25":0,"26":0,"27":0,"28":0,"29":0,"30":0,"31":0,"32":0,"33":1,"34":1,"35":1,"36":1,"37":1,"38":1,"39":0,"40":0,"41":0,"42":0,"43":0,"44":0,"45":0,"46":0,"47":0,"48":0,"49":0,"50":0,"51":0,"52":0,"53":0,"54":0,"55":0,"56":1,"57":1,"58":1,"59":1,"60":0,"61":0,"62":0,"63":0,"64":0,"65":0,"66":0,"67":0,"68":0,"69":0,"70":1,"71":1,"72":1,"73":1,"74":0,"75":0,"76":0,"77":0,"78":0,"79":0,"80":0,"81":0,"82":0,"83":0,"84":1,"85":1,"86":1,"87":1,"88":1,"89":1,"90":1,"91":0,"92":0,"93":0,"94":0,"95":0,"96":0,"97":0,"98":0,"99":0,"100":1,"101":1,"102":1,"103":1,"104":1,"105":1,"106":0,"107":0,"108":0,"109":0,"110":0,"111":0,"112":1,"113":1,"114":1,"115":1,"116":1,"117":1,"118":1,"119":1,"120":1,"121":1,"122":1},"branchMap":{},"b":{},"fnMap":{"0":{"name":"DialogPortal","decl":{"start":{"line":13,"column":21},"end":{"line":17,"column":65}},"loc":{"start":{"line":13,"column":21},"end":{"line":17,"column":65}},"line":13},"1":{"name":"DialogHeader","decl":{"start":{"line":60,"column":21},"end":{"line":70,"column":4}},"loc":{"start":{"line":60,"column":21},"end":{"line":70,"column":4}},"line":60},"2":{"name":"DialogFooter","decl":{"start":{"line":74,"column":21},"end":{"line":84,"column":4}},"loc":{"start":{"line":74,"column":21},"end":{"line":84,"column":4}},"line":74}},"f":{"0":0,"1":0,"2":0}}
,"/Users/astritspancs/Desktop/test/Blasera/mozio-app/src/components/ui/distance-stepper.tsx": {"path":"/Users/astritspancs/Desktop/test/Blasera/mozio-app/src/components/ui/distance-stepper.tsx","all":false,"statementMap":{"0":{"start":{"line":1,"column":0},"end":{"line":1,"column":46}},"1":{"start":{"line":2,"column":0},"end":{"line":2,"column":27}},"2":{"start":{"line":3,"column":0},"end":{"line":3,"column":0}},"3":{"start":{"line":4,"column":0},"end":{"line":4,"column":13}},"4":{"start":{"line":5,"column":0},"end":{"line":5,"column":24}},"5":{"start":{"line":6,"column":0},"end":{"line":6,"column":27}},"6":{"start":{"line":7,"column":0},"end":{"line":7,"column":26}},"7":{"start":{"line":8,"column":0},"end":{"line":8,"column":2}},"8":{"start":{"line":9,"column":0},"end":{"line":9,"column":0}},"9":{"start":{"line":10,"column":0},"end":{"line":10,"column":29}},"10":{"start":{"line":11,"column":0},"end":{"line":11,"column":16}},"11":{"start":{"line":12,"column":0},"end":{"line":12,"column":2}},"12":{"start":{"line":13,"column":0},"end":{"line":13,"column":0}},"13":{"start":{"line":14,"column":0},"end":{"line":14,"column":65}},"14":{"start":{"line":15,"column":0},"end":{"line":15,"column":26}},"15":{"start":{"line":16,"column":0},"end":{"line":16,"column":0}},"16":{"start":{"line":17,"column":0},"end":{"line":17,"column":10}},"17":{"start":{"line":18,"column":0},"end":{"line":18,"column":87}},"18":{"start":{"line":19,"column":0},"end":{"line":19,"column":26}},"19":{"start":{"line":20,"column":0},"end":{"line":20,"column":16}},"20":{"start":{"line":21,"column":0},"end":{"line":21,"column":66}},"21":{"start":{"line":22,"column":0},"end":{"line":22,"column":116}},"22":{"start":{"line":23,"column":0},"end":{"line":23,"column":25}},"23":{"start":{"line":24,"column":0},"end":{"line":24,"column":19}},"24":{"start":{"line":25,"column":0},"end":{"line":25,"column":35}},"25":{"start":{"line":26,"column":0},"end":{"line":26,"column":51}},"26":{"start":{"line":27,"column":0},"end":{"line":27,"column":90}},"27":{"start":{"line":28,"column":0},"end":{"line":28,"column":64}},"28":{"start":{"line":29,"column":0},"end":{"line":29,"column":20}},"29":{"start":{"line":30,"column":0},"end":{"line":30,"column":17}},"30":{"start":{"line":31,"column":0},"end":{"line":31,"column":15}},"31":{"start":{"line":32,"column":0},"end":{"line":32,"column":10}},"32":{"start":{"line":33,"column":0},"end":{"line":33,"column":9}},"33":{"start":{"line":34,"column":0},"end":{"line":34,"column":9}},"34":{"start":{"line":35,"column":0},"end":{"line":35,"column":4}},"35":{"start":{"line":36,"column":0},"end":{"line":36,"column":2}}},"s":{"0":1,"1":1,"2":1,"3":1,"4":1,"5":1,"6":1,"7":1,"8":1,"9":1,"10":1,"11":1,"12":1,"13":1,"14":1,"15":1,"16":1,"17":1,"18":1,"19":1,"20":1,"21":1,"22":1,"23":1,"24":1,"25":1,"26":1,"27":1,"28":1,"29":1,"30":1,"31":1,"32":1,"33":1,"34":1,"35":1},"branchMap":{"0":{"type":"branch","line":14,"loc":{"start":{"line":14,"column":31},"end":{"line":36,"column":2}},"locations":[{"start":{"line":14,"column":31},"end":{"line":36,"column":2}}]},"1":{"type":"branch","line":19,"loc":{"start":{"line":19,"column":17},"end":{"line":33,"column":7}},"locations":[{"start":{"line":19,"column":17},"end":{"line":33,"column":7}}]}},"b":{"0":[1],"1":[1]},"fnMap":{"0":{"name":"DistanceStepper","decl":{"start":{"line":14,"column":31},"end":{"line":36,"column":2}},"loc":{"start":{"line":14,"column":31},"end":{"line":36,"column":2}},"line":14}},"f":{"0":1}}
,"/Users/astritspancs/Desktop/test/Blasera/mozio-app/src/components/ui/error.tsx": {"path":"/Users/astritspancs/Desktop/test/Blasera/mozio-app/src/components/ui/error.tsx","all":false,"statementMap":{"0":{"start":{"line":1,"column":0},"end":{"line":1,"column":47}},"1":{"start":{"line":2,"column":0},"end":{"line":2,"column":34}},"2":{"start":{"line":3,"column":0},"end":{"line":3,"column":0}},"3":{"start":{"line":4,"column":0},"end":{"line":4,"column":28}},"4":{"start":{"line":5,"column":0},"end":{"line":5,"column":33}},"5":{"start":{"line":6,"column":0},"end":{"line":6,"column":0}},"6":{"start":{"line":7,"column":0},"end":{"line":7,"column":24}},"7":{"start":{"line":8,"column":0},"end":{"line":8,"column":17}},"8":{"start":{"line":9,"column":0},"end":{"line":9,"column":4}},"9":{"start":{"line":10,"column":0},"end":{"line":10,"column":0}},"10":{"start":{"line":11,"column":0},"end":{"line":11,"column":10}},"11":{"start":{"line":12,"column":0},"end":{"line":12,"column":75}},"12":{"start":{"line":13,"column":0},"end":{"line":13,"column":35}},"13":{"start":{"line":14,"column":0},"end":{"line":14,"column":52}},"14":{"start":{"line":15,"column":0},"end":{"line":15,"column":37}},"15":{"start":{"line":16,"column":0},"end":{"line":16,"column":13}},"16":{"start":{"line":17,"column":0},"end":{"line":17,"column":46}},"17":{"start":{"line":18,"column":0},"end":{"line":18,"column":12}},"18":{"start":{"line":19,"column":0},"end":{"line":19,"column":10}},"19":{"start":{"line":20,"column":0},"end":{"line":20,"column":4}},"20":{"start":{"line":21,"column":0},"end":{"line":21,"column":2}}},"s":{"0":1,"1":1,"2":1,"3":1,"4":0,"5":0,"6":0,"7":0,"8":0,"9":0,"10":0,"11":0,"12":0,"13":0,"14":0,"15":0,"16":0,"17":0,"18":0,"19":0,"20":0},"branchMap":{},"b":{},"fnMap":{"0":{"name":"Error","decl":{"start":{"line":4,"column":21},"end":{"line":21,"column":2}},"loc":{"start":{"line":4,"column":21},"end":{"line":21,"column":2}},"line":4}},"f":{"0":0}}
,"/Users/astritspancs/Desktop/test/Blasera/mozio-app/src/components/ui/form.tsx": {"path":"/Users/astritspancs/Desktop/test/Blasera/mozio-app/src/components/ui/form.tsx","all":false,"statementMap":{"0":{"start":{"line":1,"column":0},"end":{"line":1,"column":31}},"1":{"start":{"line":2,"column":0},"end":{"line":2,"column":56}},"2":{"start":{"line":3,"column":0},"end":{"line":3,"column":44}},"3":{"start":{"line":4,"column":0},"end":{"line":4,"column":8}},"4":{"start":{"line":5,"column":0},"end":{"line":5,"column":13}},"5":{"start":{"line":6,"column":0},"end":{"line":6,"column":18}},"6":{"start":{"line":7,"column":0},"end":{"line":7,"column":12}},"7":{"start":{"line":8,"column":0},"end":{"line":8,"column":14}},"8":{"start":{"line":9,"column":0},"end":{"line":9,"column":15}},"9":{"start":{"line":10,"column":0},"end":{"line":10,"column":17}},"10":{"start":{"line":11,"column":0},"end":{"line":11,"column":25}},"11":{"start":{"line":12,"column":0},"end":{"line":12,"column":0}},"12":{"start":{"line":13,"column":0},"end":{"line":13,"column":33}},"13":{"start":{"line":14,"column":0},"end":{"line":14,"column":46}},"14":{"start":{"line":15,"column":0},"end":{"line":15,"column":0}},"15":{"start":{"line":16,"column":0},"end":{"line":16,"column":26}},"16":{"start":{"line":17,"column":0},"end":{"line":17,"column":0}},"17":{"start":{"line":18,"column":0},"end":{"line":18,"column":27}},"18":{"start":{"line":19,"column":0},"end":{"line":19,"column":49}},"19":{"start":{"line":20,"column":0},"end":{"line":20,"column":65}},"20":{"start":{"line":21,"column":0},"end":{"line":21,"column":5}},"21":{"start":{"line":22,"column":0},"end":{"line":22,"column":14}},"22":{"start":{"line":23,"column":0},"end":{"line":23,"column":2}},"23":{"start":{"line":24,"column":0},"end":{"line":24,"column":0}},"24":{"start":{"line":25,"column":0},"end":{"line":25,"column":68}},"25":{"start":{"line":26,"column":0},"end":{"line":26,"column":29}},"26":{"start":{"line":27,"column":0},"end":{"line":27,"column":2}},"27":{"start":{"line":28,"column":0},"end":{"line":28,"column":0}},"28":{"start":{"line":29,"column":0},"end":{"line":29,"column":19}},"29":{"start":{"line":30,"column":0},"end":{"line":30,"column":49}},"30":{"start":{"line":31,"column":0},"end":{"line":31,"column":65}},"31":{"start":{"line":32,"column":0},"end":{"line":32,"column":3}},"32":{"start":{"line":33,"column":0},"end":{"line":33,"column":10}},"33":{"start":{"line":34,"column":0},"end":{"line":34,"column":45}},"34":{"start":{"line":35,"column":0},"end":{"line":35,"column":10}},"35":{"start":{"line":36,"column":0},"end":{"line":36,"column":60}},"36":{"start":{"line":37,"column":0},"end":{"line":37,"column":31}},"37":{"start":{"line":38,"column":0},"end":{"line":38,"column":32}},"38":{"start":{"line":39,"column":0},"end":{"line":39,"column":4}},"39":{"start":{"line":40,"column":0},"end":{"line":40,"column":2}},"40":{"start":{"line":41,"column":0},"end":{"line":41,"column":0}},"41":{"start":{"line":42,"column":0},"end":{"line":42,"column":28}},"42":{"start":{"line":43,"column":0},"end":{"line":43,"column":58}},"43":{"start":{"line":44,"column":0},"end":{"line":44,"column":56}},"44":{"start":{"line":45,"column":0},"end":{"line":45,"column":56}},"45":{"start":{"line":46,"column":0},"end":{"line":46,"column":0}},"46":{"start":{"line":47,"column":0},"end":{"line":47,"column":65}},"47":{"start":{"line":48,"column":0},"end":{"line":48,"column":0}},"48":{"start":{"line":49,"column":0},"end":{"line":49,"column":22}},"49":{"start":{"line":50,"column":0},"end":{"line":50,"column":70}},"50":{"start":{"line":51,"column":0},"end":{"line":51,"column":3}},"51":{"start":{"line":52,"column":0},"end":{"line":52,"column":0}},"52":{"start":{"line":53,"column":0},"end":{"line":53,"column":29}},"53":{"start":{"line":54,"column":0},"end":{"line":54,"column":0}},"54":{"start":{"line":55,"column":0},"end":{"line":55,"column":10}},"55":{"start":{"line":56,"column":0},"end":{"line":56,"column":7}},"56":{"start":{"line":57,"column":0},"end":{"line":57,"column":28}},"57":{"start":{"line":58,"column":0},"end":{"line":58,"column":34}},"58":{"start":{"line":59,"column":0},"end":{"line":59,"column":53}},"59":{"start":{"line":60,"column":0},"end":{"line":60,"column":45}},"60":{"start":{"line":61,"column":0},"end":{"line":61,"column":18}},"61":{"start":{"line":62,"column":0},"end":{"line":62,"column":4}},"62":{"start":{"line":63,"column":0},"end":{"line":63,"column":2}},"63":{"start":{"line":64,"column":0},"end":{"line":64,"column":0}},"64":{"start":{"line":65,"column":0},"end":{"line":65,"column":29}},"65":{"start":{"line":66,"column":0},"end":{"line":66,"column":13}},"66":{"start":{"line":67,"column":0},"end":{"line":67,"column":2}},"67":{
[...]
":{"line":146,"column":77}},"146":{"start":{"line":147,"column":0},"end":{"line":147,"column":35}},"147":{"start":{"line":148,"column":0},"end":{"line":148,"column":41}},"148":{"start":{"line":149,"column":0},"end":{"line":149,"column":50}},"149":{"start":{"line":150,"column":0},"end":{"line":150,"column":53}},"150":{"start":{"line":151,"column":0},"end":{"line":151,"column":66}},"151":{"start":{"line":152,"column":0},"end":{"line":152,"column":40}},"152":{"start":{"line":153,"column":0},"end":{"line":153,"column":28}},"153":{"start":{"line":154,"column":0},"end":{"line":154,"column":41}},"154":{"start":{"line":155,"column":0},"end":{"line":155,"column":32}},"155":{"start":{"line":156,"column":0},"end":{"line":156,"column":37}},"156":{"start":{"line":157,"column":0},"end":{"line":157,"column":31}},"157":{"start":{"line":158,"column":0},"end":{"line":158,"column":20}},"158":{"start":{"line":159,"column":0},"end":{"line":159,"column":18}},"159":{"start":{"line":160,"column":0},"end":{"line":160,"column":20}},"160":{"start":{"line":161,"column":0},"end":{"line":161,"column":35}},"161":{"start":{"line":162,"column":0},"end":{"line":162,"column":26}},"162":{"start":{"line":163,"column":0},"end":{"line":163,"column":40}},"163":{"start":{"line":164,"column":0},"end":{"line":164,"column":35}},"164":{"start":{"line":165,"column":0},"end":{"line":165,"column":42}},"165":{"start":{"line":166,"column":0},"end":{"line":166,"column":56}},"166":{"start":{"line":167,"column":0},"end":{"line":167,"column":55}},"167":{"start":{"line":168,"column":0},"end":{"line":168,"column":41}},"168":{"start":{"line":169,"column":0},"end":{"line":169,"column":43}},"169":{"start":{"line":170,"column":0},"end":{"line":170,"column":57}},"170":{"start":{"line":171,"column":0},"end":{"line":171,"column":23}},"171":{"start":{"line":172,"column":0},"end":{"line":172,"column":30}},"172":{"start":{"line":173,"column":0},"end":{"line":173,"column":36}},"173":{"start":{"line":174,"column":0},"end":{"line":174,"column":45}},"174":{"start":{"line":175,"column":0},"end":{"line":175,"column":37}},"175":{"start":{"line":176,"column":0},"end":{"line":176,"column":102}},"176":{"start":{"line":177,"column":0},"end":{"line":177,"column":65}},"177":{"start":{"line":178,"column":0},"end":{"line":178,"column":26}},"178":{"start":{"line":179,"column":0},"end":{"line":179,"column":43}},"179":{"start":{"line":180,"column":0},"end":{"line":180,"column":37}},"180":{"start":{"line":181,"column":0},"end":{"line":181,"column":31}},"181":{"start":{"line":182,"column":0},"end":{"line":182,"column":20}},"182":{"start":{"line":183,"column":0},"end":{"line":183,"column":18}},"183":{"start":{"line":184,"column":0},"end":{"line":184,"column":20}},"184":{"start":{"line":185,"column":0},"end":{"line":185,"column":18}},"185":{"start":{"line":186,"column":0},"end":{"line":186,"column":60}},"186":{"start":{"line":187,"column":0},"end":{"line":187,"column":51}},"187":{"start":{"line":188,"column":0},"end":{"line":188,"column":18}},"188":{"start":{"line":189,"column":0},"end":{"line":189,"column":16}},"189":{"start":{"line":190,"column":0},"end":{"line":190,"column":15}},"190":{"start":{"line":191,"column":0},"end":{"line":191,"column":13}},"191":{"start":{"line":192,"column":0},"end":{"line":192,"column":10}},"192":{"start":{"line":193,"column":0},"end":{"line":193,"column":4}},"193":{"start":{"line":194,"column":0},"end":{"line":194,"column":2}}},"s":{"0":1,"1":1,"2":1,"3":1,"4":1,"5":1,"6":1,"7":1,"8":1,"9":1,"10":1,"11":1,"12":1,"13":1,"14":1,"15":1,"16":1,"17":1,"18":1,"19":1,"20":1,"21":1,"22":1,"23":1,"24":1,"25":1,"26":1,"27":1,"28":1,"29":1,"30":1,"31":1,"32":1,"33":1,"34":1,"35":1,"36":1,"37":27,"38":26,"39":1,"40":1,"41":27,"42":27,"43":1,"44":1,"45":27,"46":27,"47":27,"48":27,"49":27,"50":27,"51":27,"52":27,"53":27,"54":27,"55":27,"56":27,"57":27,"58":27,"59":27,"60":27,"61":27,"62":27,"63":27,"64":27,"65":27,"66":27,"67":27,"68":27,"69":27,"70":27,"71":27,"72":27,"73":27,"74":27,"75":27,"76":27,"77":27,"78":27,"79":27,"80":27,"81":27,"82":27,"83":27,"84":27,"85":0,"86":0,"87":0,"88":0,"89":27,"90":27,"91":27,"92":27,"93":27,"94":27,"95":27,"96":27,"97":27,"98":27,"99":27,"100":27,"101":27,"102":27,"103":27,"104":27,"105":27,"106":27,"107":27,"108":27,"109":27,"110":27,"111":27,"112":27,"113":27,"114":27,"115":27,"116":27,"117":27,"118":27,"119":27,"120":27,"121":27,"122":27,"123":27,"124":27,"125":27,"126":27,"127":27,"128":26,"129":26,"130":26,"131":26,"132":26,"133":26,"134":26,"135":26,"136":26,"137":26,"138":26,"139":26,"140":26,"141":26,"142":26,"143":26,"144":26,"145":26,"146":26,"147":26,"148":26,"149":26,"150":26,"151":26,"152":26,"153":26,"154":26,"155":26,"156":26,"157":27,"158":27,"159":27,"160":27,"161":27,"162":27,"163":27,"164":27,"165":26,"166":26,"167":26,"168":26,"169":26,"170":26,"171":26,"172":26,"173":26,"174":26,"175":26,"176":26,"177":26,"178":26,"179":26,"180":26,"181":27,"182":27,"183":27,"184":27,"185":27,"186":27,"187":27,"188":27,"189":27,"190":27,"191":27,"192":27,"193":27},"branchMap":{"0":{"type":"branch","line":37,"loc":{"start":{"line":37,"column":19},"end":{"line":43,"column":2}},"locations":[{"start":{"line":37,"column":19},"end":{"line":43,"column":2}}]},"1":{"type":"branch","line":38,"loc":{"start":{"line":38,"column":33},"end":{"line":39,"column":49}},"locations":[{"start":{"line":38,"column":33},"end":{"line":39,"column":49}}]},"2":{"type":"branch","line":39,"loc":{"start":{"line":39,"column":47},"end":{"line":41,"column":24}},"locations":[{"start":{"line":39,"column":47},"end":{"line":41,"column":24}}]},"3":{"type":"branch","line":45,"loc":{"start":{"line":45,"column":20},"end":{"line":194,"column":2}},"locations":[{"start":{"line":45,"column":20},"end":{"line":194,"column":2}}]},"4":{"type":"branch","line":63,"loc":{"start":{"line":63,"column":34},"end":{"line":113,"column":17}},"locations":[{"start":{"line":63,"column":34},"end":{"line":113,"column":17}}]},"5":{"type":"branch","line":72,"loc":{"start":{"line":72,"column":36},"end":{"line":97,"column":41}},"locations":[{"start":{"line":72,"column":36},"end":{"line":97,"column":41}}]},"6":{"type":"branch","line":85,"loc":{"start":{"line":85,"column":42},"end":{"line":89,"column":58}},"locations":[{"start":{"line":85,"column":42},"end":{"line":89,"column":58}}]},"7":{"type":"branch","line":128,"loc":{"start":{"line":128,"column":26},"end":{"line":157,"column":31}},"locations":[{"start":{"line":128,"column":26},"end":{"line":157,"column":31}}]},"8":{"type":"branch","line":138,"loc":{"start":{"line":138,"column":39},"end":{"line":138,"column":71}},"locations":[{"start":{"line":138,"column":39},"end":{"line":138,"column":71}}]},"9":{"type":"branch","line":165,"loc":{"start":{"line":165,"column":26},"end":{"line":181,"column":31}},"locations":[{"start":{"line":165,"column":26},"end":{"line":181,"column":31}}]}},"b":{"0":[27],"1":[26],"2":[1],"3":[27],"4":[27],"5":[27],"6":[0],"7":[26],"8":[0],"9":[26]},"fnMap":{"0":{"name":"renderIcon","decl":{"start":{"line":37,"column":19},"end":{"line":43,"column":2}},"loc":{"start":{"line":37,"column":19},"end":{"line":43,"column":2}},"line":37},"1":{"name":"Home","decl":{"start":{"line":45,"column":20},"end":{"line":194,"column":2}},"loc":{"start":{"line":45,"column":20},"end":{"line":194,"column":2}},"line":45},"2":{"name":"render","decl":{"start":{"line":72,"column":36},"end":{"line":97,"column":41}},"loc":{"start":{"line":72,"column":36},"end":{"line":97,"column":41}},"line":72},"3":{"name":"onClick","decl":{"start":{"line":105,"column":39},"end":{"line":105,"column":65}},"loc":{"start":{"line":105,"column":39},"end":{"line":105,"column":65}},"line":105},"4":{"name":"render","decl":{"start":{"line":128,"column":26},"end":{"line":157,"column":31}},"loc":{"start":{"line":128,"column":26},"end":{"line":157,"column":31}},"line":128},"5":{"name":"disabled","decl":{"start":{"line":151,"column":38},"end":{"line":151,"column":66}},"loc":{"start":{"line":151,"column":38},"end":{"line":151,"column":66}},"line":151},"6":{"name":"render","decl":{"start":{"line":165,"column":26},"end":{"line":181,"column":31}},"loc":{"start":{"line":165,"column":26},"end":{"line":181,"column":31}},"line":165}},"f":{"0":27,"1":27,"2":27,"3":0,"4":26,"5":0,"6":26}}
,"/Users/astritspancs/Desktop/test/Blasera/mozio-app/src/views/Home/index.ts": {"path":"/Users/astritspancs/Desktop/test/Blasera/mozio-app/src/views/Home/index.ts","all":false,"statementMap":{"0":{"start":{"line":1,"column":0},"end":{"line":1,"column":30}}},"s":{"0":1},"branchMap":{},"b":{},"fnMap":{},"f":{}}
,"/Users/astritspancs/Desktop/test/Blasera/mozio-app/src/views/Results/BackButton.tsx": {"path":"/Users/astritspancs/Desktop/test/Blasera/mozio-app/src/views/Results/BackButton.tsx","all":false,"statementMap":{"0":{"start":{"line":1,"column":0},"end":{"line":1,"column":48}},"1":{"start":{"line":2,"column":0},"end":{"line":2,"column":0}},"2":{"start":{"line":3,"column":0},"end":{"line":3,"column":24}},"3":{"start":{"line":4,"column":0},"end":{"line":4,"column":21}},"4":{"start":{"line":5,"column":0},"end":{"line":5,"column":2}},"5":{"start":{"line":6,"column":0},"end":{"line":6,"column":0}},"6":{"start":{"line":7,"column":0},"end":{"line":7,"column":55}},"7":{"start":{"line":8,"column":0},"end":{"line":8,"column":27}},"8":{"start":{"line":9,"column":0},"end":{"line":9,"column":10}},"9":{"start":{"line":10,"column":0},"end":{"line":10,"column":37}},"10":{"start":{"line":11,"column":0},"end":{"line":11,"column":44}},"11":{"start":{"line":12,"column":0},"end":{"line":12,"column":10}},"12":{"start":{"line":13,"column":0},"end":{"line":13,"column":4}},"13":{"start":{"line":14,"column":0},"end":{"line":14,"column":2}}},"s":{"0":1,"1":1,"2":1,"3":1,"4":1,"5":1,"6":1,"7":1,"8":1,"9":1,"10":1,"11":1,"12":1,"13":1},"branchMap":{"0":{"type":"branch","line":7,"loc":{"start":{"line":7,"column":26},"end":{"line":14,"column":2}},"locations":[{"start":{"line":7,"column":26},"end":{"line":14,"column":2}}]}},"b":{"0":[1]},"fnMap":{"0":{"name":"BackButton","decl":{"start":{"line":7,"column":26},"end":{"line":14,"column":2}},"loc":{"start":{"line":7,"column":26},"end":{"line":14,"column":2}},"line":7}},"f":{"0":1}}
,"/Users/astritspancs/Desktop/test/Blasera/mozio-app/src/views/Results/Results.tsx": {"path":"/Users/astritspancs/Desktop/test/Blasera/mozio-app/src/views/Results/Results.tsx","all":false,"statementMap":{"0":{"start":{"line":1,"column":0},"end":{"line":1,"column":48}},"1":{"start":{"line":2,"column":0},"end":{"line":2,"column":46}},"2":{"start":{"line":3,"column":0},"end":{"line":3,"column":37}},"3":{"start":{"line":4,"column":0},"end":{"line":4,"column":43}},"4":{"start":{"line":5,"column":0},"end":{"line":5,"column":38}},"5":{"start":{"line":6,"column":0},"end":{"line":6,"column":42}},"6":{"start":{"line":7,"column":0},"end":{"line":7,"column":48}},"7":{"start":{"line":8,"column":0},"end":{"line":8,"column":42}},"8":{"start":{"line":9,"column":0},"end":{"line":9,"column":0}},"9":{"start":{"line":10,"column":0},"end":{"line":10,"column":30}},"10":{"start":{"line":11,"column":0},"end":{"line":11,"column":9}},"11":{"start":{"line":12,"column":0},"end":{"line":12,"column":21}},"12":{"start":{"line":13,"column":0},"end":{"line":13,"column":17}},"13":{"start":{"line":14,"column":0},"end":{"line":14,"column":9}},"14":{"start":{"line":15,"column":0},"end":{"line":15,"column":15}},"15":{"start":{"line":16,"column":0},"end":{"line":16,"column":14}},"16":{"start":{"line":17,"column":0},"end":{"line":17,"column":12}},"17":{"start":{"line":18,"column":0},"end":{"line":18,"column":11}},"18":{"start":{"line":19,"column":0},"end":{"line":19,"column":25}},"19":{"start":{"line":20,"column":0},"end":{"line":20,"column":0}},"20":{"start":{"line":21,"column":0},"end":{"line":21,"column":16}},"21":{"start":{"line":22,"column":0},"end":{"line":22,"column":21}},"22":{"start":{"line":23,"column":0},"end":{"line":23,"column":3}},"23":{"start":{"line":24,"column":0},"end":{"line":24,"column":0}},"24":{"start":{"line":25,"column":0},"end":{"line":25,"column":10}},"25":{"start":{"line":26,"column":0},"end":{"line":26,"column":34}},"26":{"start":{"line":27,"column":0},"end":{"line":27,"column":40}},"27":{"start":{"line":28,"column":0},"end":{"line":28,"column":61}},"28":{"start":{"line":29,"column":0},"end":{"line":29,"column":17}},"29":{"start":{"line":30,"column":0},"end":{"line":30,"column":37}},"30":{"start":{"line":31,"column":0},"end":{"line":31,"column":33}},"31":{"start":{"line":32,"column":0},"end":{"line":32,"column":53}},"32":{"start":{"line":33,"column":0},"end":{"line":33,"column":10}},"33":{"start":{"line":34,"column":0},"end":{"line":34,"column":38}},"34":{"start":{"line":35,"column":0},"end":{"line":35,"column":12}},"35":{"start":{"line":36,"column":0},"end":{"line":36,"column":13}},"36":{"start":{"line":37,"column":0},"end":{"line":37,"column":4}},"37":{"start":{"line":38,"column":0},"end":{"line":38,"column":2}}},"s":{"0":1,"1":1,"2":1,"3":1,"4":1,"5":1,"6":1,"7":1,"8":1,"9":1,"10":2,"11":2,"12":2,"13":2,"14":2,"15":2,"16":2,"17":2,"18":2,"19":2,"20":2,"21":0,"22":0,"23":2,"24":2,"25":2,"26":2,"27":2,"28":2,"29":2,"30":2,"31":2,"32":2,"33":2,"34":2,"35":2,"36":2,"37":2},"branchMap":{"0":{"type":"branch","line":10,"loc":{"start":{"line":10,"column":23},"end":{"line":38,"column":2}},"locations":[{"start":{"line":10,"column":23},"end":{"line":38,"column":2}}]},"1":{"type":"branch","line":21,"loc":{"start":{"line":21,"column":15},"end":{"line":23,"column":3}},"locations":[{"start":{"line":21,"column":15},"end":{"line":23,"column":3}}]}},"b":{"0":[2],"1":[0]},"fnMap":{"0":{"name":"Results","decl":{"start":{"line":10,"column":23},"end":{"line":38,"column":2}},"loc":{"start":{"line":10,"column":23},"end":{"line":38,"column":2}},"line":10}},"f":{"0":2}}
,"/Users/astritspancs/Desktop/test/Blasera/mozio-app/src/views/Results/TripInfo.tsx": {"path":"/Users/astritspancs/Desktop/test/Blasera/mozio-app/src/views/Results/TripInfo.tsx","all":false,"statementMap":{"0":{"start":{"line":1,"column":0},"end":{"line":1,"column":22}},"1":{"start":{"line":2,"column":0},"end":{"line":2,"column":24}},"2":{"start":{"line":3,"column":0},"end":{"line":3,"column":22}},"3":{"start":{"line":4,"column":0},"end":{"line":4,"column":15}},"4":{"start":{"line":5,"column":0},"end":{"line":5,"column":2}},"5":{"start":{"line":6,"column":0},"end":{"line":6,"column":0}},"6":{"start":{"line":7,"column":0},"end":{"line":7,"column":51}},"7":{"start":{"line":8,"column":0},"end":{"line":8,"column":51}},"8":{"start":{"line":9,"column":0},"end":{"line":9,"column":10}},"9":{"start":{"line":10,"column":0},"end":{"line":10,"column":37}},"10":{"start":{"line":11,"column":0},"end":{"line":11,"column":47}},"11":{"start":{"line":12,"column":0},"end":{"line":12,"column":38}},"12":{"start":{"line":13,"column":0},"end":{"line":13,"column":21}},"13":{"start":{"line":14,"column":0},"end":{"line":14,"column":10}},"14":{"start":{"line":15,"column":0},"end":{"line":15,"column":4}},"15":{"start":{"line":16,"column":0},"end":{"line":16,"column":2}}},"s":{"0":1,"1":1,"2":1,"3":1,"4":1,"5":1,"6":1,"7":1,"8":1,"9":1,"10":1,"11":1,"12":1,"13":1,"14":1,"15":1},"branchMap":{"0":{"type":"branch","line":7,"loc":{"start":{"line":7,"column":24},"end":{"line":16,"column":2}},"locations":[{"start":{"line":7,"column":24},"end":{"line":16,"column":2}}]}},"b":{"0":[1]},"fnMap":{"0":{"name":"TripInfo","decl":{"start":{"line":7,"column":24},"end":{"line":16,"column":2}},"loc":{"start":{"line":7,"column":24},"end":{"line":16,"column":2}},"line":7}},"f":{"0":1}}
,"/Users/astritspancs/Desktop/test/Blasera/mozio-app/src/views/Results/TripLocations.tsx": {"path":"/Users/astritspancs/Desktop/test/Blasera/mozio-app/src/views/Results/TripLocations.tsx","all":false,"statementMap":{"0":{"start":{"line":1,"column":0},"end":{"line":1,"column":67}},"1":{"start":{"line":2,"column":0},"end":{"line":2,"column":40}},"2":{"start":{"line":3,"column":0},"end":{"line":3,"column":46}},"3":{"start":{"line":4,"column":0},"end":{"line":4,"column":0}},"4":{"start":{"line":5,"column":0},"end":{"line":5,"column":27}},"5":{"start":{"line":6,"column":0},"end":{"line":6,"column":36}},"6":{"start":{"line":7,"column":0},"end":{"line":7,"column":2}},"7":{"start":{"line":8,"column":0},"end":{"line":8,"column":0}},"8":{"start":{"line":9,"column":0},"end":{"line":9,"column":45}},"9":{"start":{"line":10,"column":0},"end":{"line":10,"column":19}},"10":{"start":{"line":11,"column":0},"end":{"line":11,"column":57}},"11":{"start":{"line":12,"column":0},"end":{"line":12,"column":3}},"12":{"start":{"line":13,"column":0},"end":{"line":13,"column":0}},"13":{"start":{"line":14,"column":0},"end":{"line":14,"column":30}},"14":{"start":{"line":15,"column":0},"end":{"line":15,"column":2}},"15":{"start":{"line":16,"column":0},"end":{"line":16,"column":0}},"16":{"start":{"line":17,"column":0},"end":{"line":17,"column":61}},"17":{"start":{"line":18,"column":0},"end":{"line":18,"column":37}},"18":{"start":{"line":19,"column":0},"end":{"line":19,"column":0}},"19":{"start":{"line":20,"column":0},"end":{"line":20,"column":10}},"20":{"start":{"line":21,"column":0},"end":{"line":21,"column":25}},"21":{"start":{"line":22,"column":0},"end":{"line":22,"column":22}},"22":{"start":{"line":23,"column":0},"end":{"line":23,"column":15}},"23":{"start":{"line":24,"column":0},"end":{"line":24,"column":79}},"24":{"start":{"line":25,"column":0},"end":{"line":25,"column":20}},"25":{"start":{"line":26,"column":0},"end":{"line":26,"column":70}},"26":{"start":{"line":27,"column":0},"end":{"line":27,"column":40}},"27":{"start":{"line":28,"column":0},"end":{"line":28,"column":45}},"28":{"start":{"line":29,"column":0},"end":{"line":29,"column":14}},"29":{"start":{"line":30,"column":0},"end":{"line":30,"column":18}},"30":{"start":{"line":31,"column":0},"end":{"line":31,"column":9}},"31":{"start":{"line":32,"column":0},"end":{"line":32,"column":8}},"32":{"start":{"line":33,"column":0},"end":{"line":33,"column":10}},"33":{"start":{"line":34,"column":0},"end":{"line":34,"column":4}},"34":{"start":{"line":35,"column":0},"end":{"line":35,"column":2}}},"s":{"0":1,"1":1,"2":1,"3":1,"4":1,"5":1,"6":1,"7":1,"8":1,"9":1,"10":1,"11":1,"12":0,"13":0,"14":0,"15":1,"16":1,"17":1,"18":1,"19":1,"20":1,"21":1,"22":1,"23":1,"24":1,"25":1,"26":1,"27":1,"28":1,"29":1,"30":1,"31":1,"32":1,"33":1,"34":1},"branchMap":{"0":{"type":"branch","line":9,"loc":{"start":{"line":9,"column":19},"end":{"line":15,"column":2}},"locations":[{"start":{"line":9,"column":19},"end":{"line":15,"column":2}}]},"1":{"type":"branch","line":12,"loc":{"start":{"line":12,"column":2},"end":{"line":15,"column":2}},"locations":[{"start":{"line":12,"column":2},"end":{"line":15,"column":2}}]},"2":{"type":"branch","line":17,"loc":{"start":{"line":17,"column":29},"end":{"line":35,"column":2}},"locations":[{"start":{"line":17,"column":29},"end":{"line":35,"column":2}}]},"3":{"type":"branch","line":30,"loc":{"start":{"line":30,"column":11},"end":{"line":30,"column":18}},"locations":[{"start":{"line":30,"column":11},"end":{"line":30,"column":18}}]},"4":{"type":"branch","line":24,"loc":{"start":{"line":24,"column":32},"end":{"line":30,"column":11}},"locations":[{"start":{"line":24,"column":32},"end":{"line":30,"column":11}}]}},"b":{"0":[1],"1":[0],"2":[1],"3":[0],"4":[1]},"fnMap":{"0":{"name":"renderIcon","decl":{"start":{"line":9,"column":19},"end":{"line":15,"column":2}},"loc":{"start":{"line":9,"column":19},"end":{"line":15,"column":2}},"line":9},"1":{"name":"TripLocations","decl":{"start":{"line":17,"column":29},"end":{"line":35,"column":2}},"loc":{"start":{"line":17,"column":29},"end":{"line":35,"column":2}},"line":17}},"f":{"0":1,"1":1}}
,"/Users/astritspancs/Desktop/test/Blasera/mozio-app/src/views/Results/index.ts": {"path":"/Users/astritspancs/Desktop/test/Blasera/mozio-app/src/views/Results/index.ts","all":false,"statementMap":{"0":{"start":{"line":1,"column":0},"end":{"line":1,"column":36}}},"s":{"0":1},"branchMap":{},"b":{},"fnMap":{},"f":{}}
}
